{"C:\\banka\\API\\lib\\config.js":{"path":"C:\\banka\\API\\lib\\config.js","statementMap":{"0":{"start":{"line":3,"column":0},"end":{"line":5,"column":3}},"1":{"start":{"line":6,"column":0},"end":{"line":6,"column":25}},"2":{"start":{"line":7,"column":15},"end":{"line":9,"column":1}},"3":{"start":{"line":10,"column":0},"end":{"line":10,"column":27}}},"fnMap":{},"branchMap":{},"s":{"0":1,"1":1,"2":1,"3":1},"f":{},"b":{},"_coverageSchema":"43e27e138ebf9cfc5966b082cf9a028302ed4184","hash":"f09a846b8bb68fd04283c12610e8ff3949ecc6e4","contentHash":"e87cc5053c8f8b5f7025d87682d79a3b516fe0aa098abe417e209943734179ce"},"C:\\banka\\API\\lib\\index.js":{"path":"C:\\banka\\API\\lib\\index.js","statementMap":{"0":{"start":{"line":3,"column":0},"end":{"line":5,"column":3}},"1":{"start":{"line":6,"column":0},"end":{"line":6,"column":25}},"2":{"start":{"line":8,"column":0},"end":{"line":8,"column":27}},"3":{"start":{"line":10,"column":15},"end":{"line":10,"column":57}},"4":{"start":{"line":12,"column":18},"end":{"line":12,"column":64}},"5":{"start":{"line":14,"column":18},"end":{"line":14,"column":72}},"6":{"start":{"line":16,"column":22},"end":{"line":16,"column":80}},"7":{"start":{"line":18,"column":22},"end":{"line":18,"column":80}},"8":{"start":{"line":20,"column":39},"end":{"line":20,"column":93}},"9":{"start":{"line":22,"column":10},"end":{"line":22,"column":33}},"10":{"start":{"line":23,"column":0},"end":{"line":25,"column":4}},"11":{"start":{"line":26,"column":0},"end":{"line":26,"column":36}},"12":{"start":{"line":27,"column":0},"end":{"line":29,"column":3}},"13":{"start":{"line":28,"column":2},"end":{"line":28,"column":62}},"14":{"start":{"line":30,"column":0},"end":{"line":30,"column":45}},"15":{"start":{"line":31,"column":0},"end":{"line":31,"column":53}},"16":{"start":{"line":32,"column":0},"end":{"line":32,"column":72}},"17":{"start":{"line":33,"column":0},"end":{"line":38,"column":3}},"18":{"start":{"line":34,"column":2},"end":{"line":37,"column":5}},"19":{"start":{"line":39,"column":11},"end":{"line":39,"column":35}},"20":{"start":{"line":40,"column":0},"end":{"line":43,"column":3}},"21":{"start":{"line":42,"column":2},"end":{"line":42,"column":59}},"22":{"start":{"line":44,"column":15},"end":{"line":44,"column":18}},"23":{"start":{"line":45,"column":0},"end":{"line":45,"column":27}}},"fnMap":{"0":{"name":"_interopRequireDefault","decl":{"start":{"line":20,"column":9},"end":{"line":20,"column":31}},"loc":{"start":{"line":20,"column":37},"end":{"line":20,"column":95}},"line":20},"1":{"name":"(anonymous_1)","decl":{"start":{"line":27,"column":13},"end":{"line":27,"column":14}},"loc":{"start":{"line":27,"column":33},"end":{"line":29,"column":1}},"line":27},"2":{"name":"(anonymous_2)","decl":{"start":{"line":33,"column":13},"end":{"line":33,"column":14}},"loc":{"start":{"line":33,"column":33},"end":{"line":38,"column":1}},"line":33},"3":{"name":"(anonymous_3)","decl":{"start":{"line":40,"column":17},"end":{"line":40,"column":18}},"loc":{"start":{"line":40,"column":29},"end":{"line":43,"column":1}},"line":40}},"branchMap":{"0":{"loc":{"start":{"line":20,"column":46},"end":{"line":20,"column":92}},"type":"cond-expr","locations":[{"start":{"line":20,"column":70},"end":{"line":20,"column":73}},{"start":{"line":20,"column":76},"end":{"line":20,"column":92}}],"line":20},"1":{"loc":{"start":{"line":20,"column":46},"end":{"line":20,"column":67}},"type":"binary-expr","locations":[{"start":{"line":20,"column":46},"end":{"line":20,"column":49}},{"start":{"line":20,"column":53},"end":{"line":20,"column":67}}],"line":20},"2":{"loc":{"start":{"line":39,"column":11},"end":{"line":39,"column":35}},"type":"binary-expr","locations":[{"start":{"line":39,"column":11},"end":{"line":39,"column":27}},{"start":{"line":39,"column":31},"end":{"line":39,"column":35}}],"line":39}},"s":{"0":1,"1":1,"2":1,"3":1,"4":1,"5":1,"6":1,"7":1,"8":5,"9":1,"10":1,"11":1,"12":1,"13":1,"14":1,"15":1,"16":1,"17":1,"18":1,"19":1,"20":1,"21":1,"22":1,"23":1},"f":{"0":5,"1":1,"2":1,"3":1},"b":{"0":[3,2],"1":[5,5],"2":[1,1]},"_coverageSchema":"43e27e138ebf9cfc5966b082cf9a028302ed4184","hash":"9dc6d5bb2e64c8971532706ea408a3e200b7332f","contentHash":"154a099bd0a30e6e4924366c7468551910fa84c7f9fef73d6988acb503860019"},"C:\\banka\\API\\lib\\routes\\userRoutes.js":{"path":"C:\\banka\\API\\lib\\routes\\userRoutes.js","statementMap":{"0":{"start":{"line":3,"column":0},"end":{"line":5,"column":3}},"1":{"start":{"line":6,"column":0},"end":{"line":6,"column":25}},"2":{"start":{"line":8,"column":15},"end":{"line":8,"column":33}},"3":{"start":{"line":10,"column":17},"end":{"line":10,"column":70}},"4":{"start":{"line":12,"column":22},"end":{"line":12,"column":85}},"5":{"start":{"line":14,"column":39},"end":{"line":14,"column":93}},"6":{"start":{"line":16,"column":13},"end":{"line":16,"column":35}},"7":{"start":{"line":17,"column":0},"end":{"line":17,"column":96}},"8":{"start":{"line":18,"column":0},"end":{"line":18,"column":94}},"9":{"start":{"line":19,"column":15},"end":{"line":19,"column":21}},"10":{"start":{"line":20,"column":0},"end":{"line":20,"column":27}}},"fnMap":{"0":{"name":"_interopRequireDefault","decl":{"start":{"line":14,"column":9},"end":{"line":14,"column":31}},"loc":{"start":{"line":14,"column":37},"end":{"line":14,"column":95}},"line":14}},"branchMap":{"0":{"loc":{"start":{"line":14,"column":46},"end":{"line":14,"column":92}},"type":"cond-expr","locations":[{"start":{"line":14,"column":70},"end":{"line":14,"column":73}},{"start":{"line":14,"column":76},"end":{"line":14,"column":92}}],"line":14},"1":{"loc":{"start":{"line":14,"column":46},"end":{"line":14,"column":67}},"type":"binary-expr","locations":[{"start":{"line":14,"column":46},"end":{"line":14,"column":49}},{"start":{"line":14,"column":53},"end":{"line":14,"column":67}}],"line":14}},"s":{"0":1,"1":1,"2":1,"3":1,"4":1,"5":2,"6":1,"7":1,"8":1,"9":1,"10":1},"f":{"0":2},"b":{"0":[2,0],"1":[2,2]},"_coverageSchema":"43e27e138ebf9cfc5966b082cf9a028302ed4184","hash":"91ec83c2e9f69de99d974bdd4259dff718db1845","contentHash":"1cf3596913de225920dbf60f58f79cdb926da820fbf99871c8ab0ad8231e15f1"},"C:\\banka\\API\\lib\\utils\\validator.js":{"path":"C:\\banka\\API\\lib\\utils\\validator.js","statementMap":{"0":{"start":{"line":3,"column":0},"end":{"line":5,"column":3}},"1":{"start":{"line":6,"column":0},"end":{"line":6,"column":25}},"2":{"start":{"line":8,"column":13},"end":{"line":8,"column":47}},"3":{"start":{"line":10,"column":50},"end":{"line":10,"column":151}},"4":{"start":{"line":10,"column":92},"end":{"line":10,"column":149}},"5":{"start":{"line":12,"column":44},"end":{"line":12,"column":315}},"6":{"start":{"line":12,"column":57},"end":{"line":12,"column":58}},"7":{"start":{"line":12,"column":102},"end":{"line":12,"column":110}},"8":{"start":{"line":12,"column":112},"end":{"line":12,"column":167}},"9":{"start":{"line":12,"column":168},"end":{"line":12,"column":199}},"10":{"start":{"line":12,"column":200},"end":{"line":12,"column":254}},"11":{"start":{"line":12,"column":227},"end":{"line":12,"column":254}},"12":{"start":{"line":12,"column":255},"end":{"line":12,"column":313}},"13":{"start":{"line":14,"column":62},"end":{"line":14,"column":131}},"14":{"start":{"line":14,"column":78},"end":{"line":14,"column":131}},"15":{"start":{"line":14,"column":132},"end":{"line":14,"column":193}},"16":{"start":{"line":14,"column":149},"end":{"line":14,"column":193}},"17":{"start":{"line":14,"column":194},"end":{"line":14,"column":213}},"18":{"start":{"line":18,"column":0},"end":{"line":83,"column":3}},"19":{"start":{"line":20,"column":4},"end":{"line":20,"column":38}},"20":{"start":{"line":23,"column":2},"end":{"line":80,"column":6}},"21":{"start":{"line":26,"column":19},"end":{"line":26,"column":52}},"22":{"start":{"line":28,"column":6},"end":{"line":41,"column":7}},"23":{"start":{"line":29,"column":29},"end":{"line":29,"column":43}},"24":{"start":{"line":30,"column":23},"end":{"line":35,"column":10}},"25":{"start":{"line":31,"column":21},"end":{"line":31,"column":23}},"26":{"start":{"line":32,"column":10},"end":{"line":32,"column":36}},"27":{"start":{"line":33,"column":10},"end":{"line":33,"column":33}},"28":{"start":{"line":34,"column":10},"end":{"line":34,"column":22}},"29":{"start":{"line":36,"column":8},"end":{"line":40,"column":11}},"30":{"start":{"line":43,"column":6},"end":{"line":46,"column":9}},"31":{"start":{"line":51,"column":6},"end":{"line":53,"column":102}},"32":{"start":{"line":58,"column":6},"end":{"line":60,"column":102}},"33":{"start":{"line":65,"column":6},"end":{"line":65,"column":297}},"34":{"start":{"line":70,"column":6},"end":{"line":70,"column":165}},"35":{"start":{"line":75,"column":6},"end":{"line":78,"column":515}},"36":{"start":{"line":82,"column":2},"end":{"line":82,"column":20}},"37":{"start":{"line":85,"column":15},"end":{"line":85,"column":25}},"38":{"start":{"line":86,"column":0},"end":{"line":86,"column":27}}},"fnMap":{"0":{"name":"_classCallCheck","decl":{"start":{"line":10,"column":9},"end":{"line":10,"column":24}},"loc":{"start":{"line":10,"column":48},"end":{"line":10,"column":153}},"line":10},"1":{"name":"_defineProperties","decl":{"start":{"line":12,"column":9},"end":{"line":12,"column":26}},"loc":{"start":{"line":12,"column":42},"end":{"line":12,"column":317}},"line":12},"2":{"name":"_createClass","decl":{"start":{"line":14,"column":9},"end":{"line":14,"column":21}},"loc":{"start":{"line":14,"column":60},"end":{"line":14,"column":215}},"line":14},"3":{"name":"(anonymous_3)","decl":{"start":{"line":18,"column":0},"end":{"line":18,"column":1}},"loc":{"start":{"line":18,"column":12},"end":{"line":83,"column":1}},"line":18},"4":{"name":"Validation","decl":{"start":{"line":19,"column":11},"end":{"line":19,"column":21}},"loc":{"start":{"line":19,"column":24},"end":{"line":21,"column":3}},"line":19},"5":{"name":"getValidationResult","decl":{"start":{"line":25,"column":20},"end":{"line":25,"column":39}},"loc":{"start":{"line":25,"column":50},"end":{"line":47,"column":5}},"line":25},"6":{"name":"(anonymous_6)","decl":{"start":{"line":30,"column":42},"end":{"line":30,"column":43}},"loc":{"start":{"line":30,"column":57},"end":{"line":35,"column":9}},"line":30},"7":{"name":"validateSignUp","decl":{"start":{"line":50,"column":20},"end":{"line":50,"column":34}},"loc":{"start":{"line":50,"column":37},"end":{"line":54,"column":5}},"line":50},"8":{"name":"validateLogin","decl":{"start":{"line":57,"column":20},"end":{"line":57,"column":33}},"loc":{"start":{"line":57,"column":36},"end":{"line":61,"column":5}},"line":57},"9":{"name":"validateAccount","decl":{"start":{"line":64,"column":20},"end":{"line":64,"column":35}},"loc":{"start":{"line":64,"column":38},"end":{"line":66,"column":5}},"line":64},"10":{"name":"validateUpdateAccount","decl":{"start":{"line":69,"column":20},"end":{"line":69,"column":41}},"loc":{"start":{"line":69,"column":44},"end":{"line":71,"column":5}},"line":69},"11":{"name":"validateTransaction","decl":{"start":{"line":74,"column":20},"end":{"line":74,"column":39}},"loc":{"start":{"line":74,"column":42},"end":{"line":79,"column":5}},"line":74}},"branchMap":{"0":{"loc":{"start":{"line":10,"column":50},"end":{"line":10,"column":151}},"type":"if","locations":[{"start":{"line":10,"column":50},"end":{"line":10,"column":151}},{"start":{"line":10,"column":50},"end":{"line":10,"column":151}}],"line":10},"1":{"loc":{"start":{"line":12,"column":136},"end":{"line":12,"column":166}},"type":"binary-expr","locations":[{"start":{"line":12,"column":136},"end":{"line":12,"column":157}},{"start":{"line":12,"column":161},"end":{"line":12,"column":166}}],"line":12},"2":{"loc":{"start":{"line":12,"column":200},"end":{"line":12,"column":254}},"type":"if","locations":[{"start":{"line":12,"column":200},"end":{"line":12,"column":254}},{"start":{"line":12,"column":200},"end":{"line":12,"column":254}}],"line":12},"3":{"loc":{"start":{"line":14,"column":62},"end":{"line":14,"column":131}},"type":"if","locations":[{"start":{"line":14,"column":62},"end":{"line":14,"column":131}},{"start":{"line":14,"column":62},"end":{"line":14,"column":131}}],"line":14},"4":{"loc":{"start":{"line":14,"column":132},"end":{"line":14,"column":193}},"type":"if","locations":[{"start":{"line":14,"column":132},"end":{"line":14,"column":193}},{"start":{"line":14,"column":132},"end":{"line":14,"column":193}}],"line":14},"5":{"loc":{"start":{"line":28,"column":6},"end":{"line":41,"column":7}},"type":"if","locations":[{"start":{"line":28,"column":6},"end":{"line":41,"column":7}},{"start":{"line":28,"column":6},"end":{"line":41,"column":7}}],"line":28}},"s":{"0":1,"1":1,"2":1,"3":0,"4":0,"5":1,"6":1,"7":6,"8":6,"9":6,"10":6,"11":6,"12":6,"13":1,"14":0,"15":1,"16":1,"17":1,"18":1,"19":0,"20":1,"21":0,"22":0,"23":0,"24":0,"25":0,"26":0,"27":0,"28":0,"29":0,"30":0,"31":1,"32":1,"33":1,"34":0,"35":2,"36":1,"37":1,"38":1},"f":{"0":0,"1":1,"2":1,"3":1,"4":0,"5":0,"6":0,"7":1,"8":1,"9":1,"10":0,"11":2},"b":{"0":[0,0],"1":[6,6],"2":[6,0],"3":[0,1],"4":[1,0],"5":[0,0]},"_coverageSchema":"43e27e138ebf9cfc5966b082cf9a028302ed4184","hash":"c6031799c30113e42c2d865485e0e26a78df0f63","contentHash":"300d98602461ebf27da1c9628de1de91feeefa60322f1f8405c736fdfbadf062"},"C:\\banka\\API\\lib\\controller\\userController.js":{"path":"C:\\banka\\API\\lib\\controller\\userController.js","statementMap":{"0":{"start":{"line":3,"column":0},"end":{"line":5,"column":3}},"1":{"start":{"line":6,"column":0},"end":{"line":6,"column":25}},"2":{"start":{"line":8,"column":16},"end":{"line":8,"column":59}},"3":{"start":{"line":10,"column":13},"end":{"line":10,"column":47}},"4":{"start":{"line":12,"column":16},"end":{"line":12,"column":68}},"5":{"start":{"line":14,"column":22},"end":{"line":14,"column":85}},"6":{"start":{"line":16,"column":39},"end":{"line":16,"column":93}},"7":{"start":{"line":18,"column":77},"end":{"line":18,"column":175}},"8":{"start":{"line":18,"column":94},"end":{"line":18,"column":107}},"9":{"start":{"line":18,"column":121},"end":{"line":18,"column":131}},"10":{"start":{"line":18,"column":151},"end":{"line":18,"column":165}},"11":{"start":{"line":18,"column":166},"end":{"line":18,"column":173}},"12":{"start":{"line":18,"column":176},"end":{"line":18,"column":263}},"13":{"start":{"line":18,"column":193},"end":{"line":18,"column":208}},"14":{"start":{"line":18,"column":218},"end":{"line":18,"column":261}},"15":{"start":{"line":20,"column":33},"end":{"line":20,"column":387}},"16":{"start":{"line":20,"column":65},"end":{"line":20,"column":69}},"17":{"start":{"line":20,"column":78},"end":{"line":20,"column":87}},"18":{"start":{"line":20,"column":89},"end":{"line":20,"column":384}},"19":{"start":{"line":20,"column":147},"end":{"line":20,"column":167}},"20":{"start":{"line":20,"column":193},"end":{"line":20,"column":264}},"21":{"start":{"line":20,"column":290},"end":{"line":20,"column":360}},"22":{"start":{"line":20,"column":363},"end":{"line":20,"column":380}},"23":{"start":{"line":22,"column":50},"end":{"line":22,"column":151}},"24":{"start":{"line":22,"column":92},"end":{"line":22,"column":149}},"25":{"start":{"line":24,"column":44},"end":{"line":24,"column":315}},"26":{"start":{"line":24,"column":57},"end":{"line":24,"column":58}},"27":{"start":{"line":24,"column":102},"end":{"line":24,"column":110}},"28":{"start":{"line":24,"column":112},"end":{"line":24,"column":167}},"29":{"start":{"line":24,"column":168},"end":{"line":24,"column":199}},"30":{"start":{"line":24,"column":200},"end":{"line":24,"column":254}},"31":{"start":{"line":24,"column":227},"end":{"line":24,"column":254}},"32":{"start":{"line":24,"column":255},"end":{"line":24,"column":313}},"33":{"start":{"line":26,"column":62},"end":{"line":26,"column":131}},"34":{"start":{"line":26,"column":78},"end":{"line":26,"column":131}},"35":{"start":{"line":26,"column":132},"end":{"line":26,"column":193}},"36":{"start":{"line":26,"column":149},"end":{"line":26,"column":193}},"37":{"start":{"line":26,"column":194},"end":{"line":26,"column":213}},"38":{"start":{"line":30,"column":0},"end":{"line":254,"column":3}},"39":{"start":{"line":32,"column":4},"end":{"line":32,"column":42}},"40":{"start":{"line":35,"column":2},"end":{"line":251,"column":6}},"41":{"start":{"line":38,"column":24},"end":{"line":134,"column":9}},"42":{"start":{"line":43,"column":8},"end":{"line":133,"column":37}},"43":{"start":{"line":44,"column":10},"end":{"line":132,"column":11}},"44":{"start":{"line":45,"column":12},"end":{"line":131,"column":13}},"45":{"start":{"line":47,"column":16},"end":{"line":47,"column":34}},"46":{"start":{"line":48,"column":16},"end":{"line":48,"column":59}},"47":{"start":{"line":50,"column":16},"end":{"line":53,"column":17}},"48":{"start":{"line":51,"column":18},"end":{"line":51,"column":36}},"49":{"start":{"line":52,"column":18},"end":{"line":52,"column":24}},"50":{"start":{"line":55,"column":16},"end":{"line":55,"column":48}},"51":{"start":{"line":56,"column":16},"end":{"line":61,"column":19}},"52":{"start":{"line":57,"column":29},"end":{"line":57,"column":31}},"53":{"start":{"line":58,"column":18},"end":{"line":58,"column":44}},"54":{"start":{"line":59,"column":18},"end":{"line":59,"column":41}},"55":{"start":{"line":60,"column":18},"end":{"line":60,"column":30}},"56":{"start":{"line":62,"column":16},"end":{"line":66,"column":20}},"57":{"start":{"line":69,"column":16},"end":{"line":69,"column":178}},"58":{"start":{"line":70,"column":16},"end":{"line":70,"column":34}},"59":{"start":{"line":71,"column":16},"end":{"line":71,"column":68}},"60":{"start":{"line":74,"column":16},"end":{"line":74,"column":47}},"61":{"start":{"line":75,"column":16},"end":{"line":75,"column":79}},"62":{"start":{"line":77,"column":16},"end":{"line":81,"column":18}},"63":{"start":{"line":84,"column":16},"end":{"line":93,"column":18}},"64":{"start":{"line":95,"column":16},"end":{"line":95,"column":45}},"65":{"start":{"line":97,"column":16},"end":{"line":105,"column":18}},"66":{"start":{"line":106,"column":16},"end":{"line":109,"column":19}},"67":{"start":{"line":110,"column":16},"end":{"line":118,"column":20}},"68":{"start":{"line":121,"column":16},"end":{"line":121,"column":35}},"69":{"start":{"line":122,"column":16},"end":{"line":122,"column":51}},"70":{"start":{"line":123,"column":16},"end":{"line":126,"column":20}},"71":{"start":{"line":130,"column":16},"end":{"line":130,"column":39}},"72":{"start":{"line":137,"column":8},"end":{"line":137,"column":50}},"73":{"start":{"line":140,"column":6},"end":{"line":140,"column":24}},"74":{"start":{"line":145,"column":23},"end":{"line":243,"column":9}},"75":{"start":{"line":150,"column":8},"end":{"line":242,"column":38}},"76":{"start":{"line":151,"column":10},"end":{"line":241,"column":11}},"77":{"start":{"line":152,"column":12},"end":{"line":240,"column":13}},"78":{"start":{"line":154,"column":16},"end":{"line":154,"column":35}},"79":{"start":{"line":155,"column":16},"end":{"line":155,"column":59}},"80":{"start":{"line":157,"column":16},"end":{"line":160,"column":17}},"81":{"start":{"line":158,"column":18},"end":{"line":158,"column":37}},"82":{"start":{"line":159,"column":18},"end":{"line":159,"column":24}},"83":{"start":{"line":162,"column":16},"end":{"line":162,"column":48}},"84":{"start":{"line":163,"column":16},"end":{"line":168,"column":19}},"85":{"start":{"line":164,"column":29},"end":{"line":164,"column":31}},"86":{"start":{"line":165,"column":18},"end":{"line":165,"column":44}},"87":{"start":{"line":166,"column":18},"end":{"line":166,"column":41}},"88":{"start":{"line":167,"column":18},"end":{"line":167,"column":30}},"89":{"start":{"line":169,"column":16},"end":{"line":173,"column":20}},"90":{"start":{"line":176,"column":16},"end":{"line":176,"column":96}},"91":{"start":{"line":177,"column":16},"end":{"line":179,"column":19}},"92":{"start":{"line":178,"column":18},"end":{"line":178,"column":48}},"93":{"start":{"line":181,"column":16},"end":{"line":184,"column":17}},"94":{"start":{"line":182,"column":18},"end":{"line":182,"column":38}},"95":{"start":{"line":183,"column":18},"end":{"line":183,"column":24}},"96":{"start":{"line":186,"column":16},"end":{"line":186,"column":90}},"97":{"start":{"line":189,"column":16},"end":{"line":189,"column":36}},"98":{"start":{"line":190,"column":16},"end":{"line":190,"column":74}},"99":{"start":{"line":193,"column":16},"end":{"line":193,"column":49}},"100":{"start":{"line":195,"column":16},"end":{"line":198,"column":17}},"101":{"start":{"line":196,"column":18},"end":{"line":196,"column":38}},"102":{"start":{"line":197,"column":18},"end":{"line":197,"column":24}},"103":{"start":{"line":200,"column":16},"end":{"line":204,"column":20}},"104":{"start":{"line":207,"column":16},"end":{"line":207,"column":129}},"105":{"start":{"line":208,"column":16},"end":{"line":211,"column":19}},"106":{"start":{"line":212,"column":16},"end":{"line":218,"column":18}},"107":{"start":{"line":219,"column":16},"end":{"line":227,"column":20}},"108":{"start":{"line":230,"column":16},"end":{"line":230,"column":36}},"109":{"start":{"line":231,"column":16},"end":{"line":231,"column":53}},"110":{"start":{"line":232,"column":16},"end":{"line":235,"column":20}},"111":{"start":{"line":239,"column":16},"end":{"line":239,"column":40}},"112":{"start":{"line":246,"column":8},"end":{"line":246,"column":49}},"113":{"start":{"line":249,"column":6},"end":{"line":249,"column":23}},"114":{"start":{"line":253,"column":2},"end":{"line":253,"column":24}},"115":{"start":{"line":256,"column":15},"end":{"line":256,"column":29}},"116":{"start":{"line":257,"column":0},"end":{"line":257,"column":27}}},"fnMap":{"0":{"name":"_interopRequireDefault","decl":{"start":{"line":16,"column":9},"end":{"line":16,"column":31}},"loc":{"start":{"line":16,"column":37},"end":{"line":16,"column":95}},"line":16},"1":{"name":"asyncGeneratorStep","decl":{"start":{"line":18,"column":9},"end":{"line":18,"column":27}},"loc":{"start":{"line":18,"column":75},"end":{"line":18,"column":265}},"line":18},"2":{"name":"_asyncToGenerator","decl":{"start":{"line":20,"column":9},"end":{"line":20,"column":26}},"loc":{"start":{"line":20,"column":31},"end":{"line":20,"column":389}},"line":20},"3":{"name":"(anonymous_3)","decl":{"start":{"line":20,"column":40},"end":{"line":20,"column":41}},"loc":{"start":{"line":20,"column":52},"end":{"line":20,"column":386}},"line":20},"4":{"name":"(anonymous_4)","decl":{"start":{"line":20,"column":108},"end":{"line":20,"column":109}},"loc":{"start":{"line":20,"column":135},"end":{"line":20,"column":382}},"line":20},"5":{"name":"_next","decl":{"start":{"line":20,"column":178},"end":{"line":20,"column":183}},"loc":{"start":{"line":20,"column":191},"end":{"line":20,"column":266}},"line":20},"6":{"name":"_throw","decl":{"start":{"line":20,"column":276},"end":{"line":20,"column":282}},"loc":{"start":{"line":20,"column":288},"end":{"line":20,"column":362}},"line":20},"7":{"name":"_classCallCheck","decl":{"start":{"line":22,"column":9},"end":{"line":22,"column":24}},"loc":{"start":{"line":22,"column":48},"end":{"line":22,"column":153}},"line":22},"8":{"name":"_defineProperties","decl":{"start":{"line":24,"column":9},"end":{"line":24,"column":26}},"loc":{"start":{"line":24,"column":42},"end":{"line":24,"column":317}},"line":24},"9":{"name":"_createClass","decl":{"start":{"line":26,"column":9},"end":{"line":26,"column":21}},"loc":{"start":{"line":26,"column":60},"end":{"line":26,"column":215}},"line":26},"10":{"name":"(anonymous_10)","decl":{"start":{"line":30,"column":0},"end":{"line":30,"column":1}},"loc":{"start":{"line":30,"column":12},"end":{"line":254,"column":1}},"line":30},"11":{"name":"userController","decl":{"start":{"line":31,"column":11},"end":{"line":31,"column":25}},"loc":{"start":{"line":31,"column":28},"end":{"line":33,"column":3}},"line":31},"12":{"name":"(anonymous_12)","decl":{"start":{"line":37,"column":11},"end":{"line":37,"column":12}},"loc":{"start":{"line":37,"column":23},"end":{"line":141,"column":5}},"line":37},"13":{"name":"_callee","decl":{"start":{"line":40,"column":39},"end":{"line":40,"column":46}},"loc":{"start":{"line":40,"column":57},"end":{"line":134,"column":7}},"line":40},"14":{"name":"_callee$","decl":{"start":{"line":43,"column":48},"end":{"line":43,"column":56}},"loc":{"start":{"line":43,"column":67},"end":{"line":133,"column":9}},"line":43},"15":{"name":"(anonymous_15)","decl":{"start":{"line":56,"column":46},"end":{"line":56,"column":47}},"loc":{"start":{"line":56,"column":61},"end":{"line":61,"column":17}},"line":56},"16":{"name":"signupUser","decl":{"start":{"line":136,"column":15},"end":{"line":136,"column":25}},"loc":{"start":{"line":136,"column":35},"end":{"line":138,"column":7}},"line":136},"17":{"name":"(anonymous_17)","decl":{"start":{"line":144,"column":11},"end":{"line":144,"column":12}},"loc":{"start":{"line":144,"column":23},"end":{"line":250,"column":5}},"line":144},"18":{"name":"_callee2","decl":{"start":{"line":147,"column":39},"end":{"line":147,"column":47}},"loc":{"start":{"line":147,"column":58},"end":{"line":243,"column":7}},"line":147},"19":{"name":"_callee2$","decl":{"start":{"line":150,"column":48},"end":{"line":150,"column":57}},"loc":{"start":{"line":150,"column":69},"end":{"line":242,"column":9}},"line":150},"20":{"name":"(anonymous_20)","decl":{"start":{"line":163,"column":46},"end":{"line":163,"column":47}},"loc":{"start":{"line":163,"column":61},"end":{"line":168,"column":17}},"line":163},"21":{"name":"(anonymous_21)","decl":{"start":{"line":177,"column":46},"end":{"line":177,"column":47}},"loc":{"start":{"line":177,"column":64},"end":{"line":179,"column":17}},"line":177},"22":{"name":"loginUser","decl":{"start":{"line":245,"column":15},"end":{"line":245,"column":24}},"loc":{"start":{"line":245,"column":35},"end":{"line":247,"column":7}},"line":245}},"branchMap":{"0":{"loc":{"start":{"line":16,"column":46},"end":{"line":16,"column":92}},"type":"cond-expr","locations":[{"start":{"line":16,"column":70},"end":{"line":16,"column":73}},{"start":{"line":16,"column":76},"end":{"line":16,"column":92}}],"line":16},"1":{"loc":{"start":{"line":16,"column":46},"end":{"line":16,"column":67}},"type":"binary-expr","locations":[{"start":{"line":16,"column":46},"end":{"line":16,"column":49}},{"start":{"line":16,"column":53},"end":{"line":16,"column":67}}],"line":16},"2":{"loc":{"start":{"line":18,"column":176},"end":{"line":18,"column":263}},"type":"if","locations":[{"start":{"line":18,"column":176},"end":{"line":18,"column":263}},{"start":{"line":18,"column":176},"end":{"line":18,"column":263}}],"line":18},"3":{"loc":{"start":{"line":22,"column":50},"end":{"line":22,"column":151}},"type":"if","locations":[{"start":{"line":22,"column":50},"end":{"line":22,"column":151}},{"start":{"line":22,"column":50},"end":{"line":22,"column":151}}],"line":22},"4":{"loc":{"start":{"line":24,"column":136},"end":{"line":24,"column":166}},"type":"binary-expr","locations":[{"start":{"line":24,"column":136},"end":{"line":24,"column":157}},{"start":{"line":24,"column":161},"end":{"line":24,"column":166}}],"line":24},"5":{"loc":{"start":{"line":24,"column":200},"end":{"line":24,"column":254}},"type":"if","locations":[{"start":{"line":24,"column":200},"end":{"line":24,"column":254}},{"start":{"line":24,"column":200},"end":{"line":24,"column":254}}],"line":24},"6":{"loc":{"start":{"line":26,"column":62},"end":{"line":26,"column":131}},"type":"if","locations":[{"start":{"line":26,"column":62},"end":{"line":26,"column":131}},{"start":{"line":26,"column":62},"end":{"line":26,"column":131}}],"line":26},"7":{"loc":{"start":{"line":26,"column":132},"end":{"line":26,"column":193}},"type":"if","locations":[{"start":{"line":26,"column":132},"end":{"line":26,"column":193}},{"start":{"line":26,"column":132},"end":{"line":26,"column":193}}],"line":26},"8":{"loc":{"start":{"line":45,"column":12},"end":{"line":131,"column":13}},"type":"switch","locations":[{"start":{"line":46,"column":14},"end":{"line":66,"column":20}},{"start":{"line":68,"column":14},"end":{"line":71,"column":68}},{"start":{"line":73,"column":14},"end":{"line":118,"column":20}},{"start":{"line":120,"column":14},"end":{"line":126,"column":20}},{"start":{"line":128,"column":14},"end":{"line":128,"column":22}},{"start":{"line":129,"column":14},"end":{"line":130,"column":39}}],"line":45},"9":{"loc":{"start":{"line":50,"column":16},"end":{"line":53,"column":17}},"type":"if","locations":[{"start":{"line":50,"column":16},"end":{"line":53,"column":17}},{"start":{"line":50,"column":16},"end":{"line":53,"column":17}}],"line":50},"10":{"loc":{"start":{"line":152,"column":12},"end":{"line":240,"column":13}},"type":"switch","locations":[{"start":{"line":153,"column":14},"end":{"line":173,"column":20}},{"start":{"line":175,"column":14},"end":{"line":186,"column":90}},{"start":{"line":188,"column":14},"end":{"line":190,"column":74}},{"start":{"line":192,"column":14},"end":{"line":204,"column":20}},{"start":{"line":206,"column":14},"end":{"line":227,"column":20}},{"start":{"line":229,"column":14},"end":{"line":235,"column":20}},{"start":{"line":237,"column":14},"end":{"line":237,"column":22}},{"start":{"line":238,"column":14},"end":{"line":239,"column":40}}],"line":152},"11":{"loc":{"start":{"line":157,"column":16},"end":{"line":160,"column":17}},"type":"if","locations":[{"start":{"line":157,"column":16},"end":{"line":160,"column":17}},{"start":{"line":157,"column":16},"end":{"line":160,"column":17}}],"line":157},"12":{"loc":{"start":{"line":181,"column":16},"end":{"line":184,"column":17}},"type":"if","locations":[{"start":{"line":181,"column":16},"end":{"line":184,"column":17}},{"start":{"line":181,"column":16},"end":{"line":184,"column":17}}],"line":181},"13":{"loc":{"start":{"line":195,"column":16},"end":{"line":198,"column":17}},"type":"if","locations":[{"start":{"line":195,"column":16},"end":{"line":198,"column":17}},{"start":{"line":195,"column":16},"end":{"line":198,"column":17}}],"line":195}},"s":{"0":1,"1":1,"2":1,"3":1,"4":1,"5":1,"6":3,"7":8,"8":8,"9":8,"10":0,"11":0,"12":8,"13":5,"14":3,"15":2,"16":5,"17":5,"18":5,"19":5,"20":8,"21":0,"22":5,"23":0,"24":0,"25":1,"26":1,"27":2,"28":2,"29":2,"30":2,"31":2,"32":2,"33":1,"34":0,"35":1,"36":1,"37":1,"38":1,"39":0,"40":1,"41":1,"42":2,"43":5,"44":6,"45":2,"46":2,"47":2,"48":1,"49":1,"50":1,"51":1,"52":7,"53":7,"54":7,"55":7,"56":1,"57":1,"58":1,"59":1,"60":1,"61":1,"62":1,"63":1,"64":1,"65":1,"66":1,"67":1,"68":0,"69":0,"70":0,"71":2,"72":2,"73":1,"74":1,"75":3,"76":8,"77":13,"78":3,"79":3,"80":3,"81":2,"82":2,"83":1,"84":1,"85":3,"86":3,"87":3,"88":3,"89":1,"90":2,"91":2,"92":2,"93":2,"94":2,"95":2,"96":0,"97":2,"98":2,"99":2,"100":2,"101":1,"102":1,"103":1,"104":1,"105":1,"106":1,"107":1,"108":0,"109":0,"110":0,"111":3,"112":3,"113":1,"114":1,"115":1,"116":1},"f":{"0":3,"1":8,"2":2,"3":5,"4":5,"5":8,"6":0,"7":0,"8":1,"9":1,"10":1,"11":0,"12":1,"13":2,"14":5,"15":7,"16":2,"17":1,"18":3,"19":8,"20":3,"21":2,"22":3},"b":{"0":[2,1],"1":[3,3],"2":[5,3],"3":[0,0],"4":[2,2],"5":[2,0],"6":[0,1],"7":[1,0],"8":[2,1,1,0,0,2],"9":[1,1],"10":[3,2,2,2,1,0,0,3],"11":[2,1],"12":[2,0],"13":[1,1]},"_coverageSchema":"43e27e138ebf9cfc5966b082cf9a028302ed4184","hash":"bf868ac92bb76cd471cb15935bc7ec261e77a89c","contentHash":"a508c18165698c92c7c9e8391f5ed6e6ce8a354228c93b487bfd244c536354fe"},"C:\\banka\\API\\lib\\utils\\userData.js":{"path":"C:\\banka\\API\\lib\\utils\\userData.js","statementMap":{"0":{"start":{"line":3,"column":0},"end":{"line":5,"column":3}},"1":{"start":{"line":6,"column":0},"end":{"line":6,"column":25}},"2":{"start":{"line":8,"column":16},"end":{"line":8,"column":59}},"3":{"start":{"line":10,"column":39},"end":{"line":10,"column":93}},"4":{"start":{"line":12,"column":11},"end":{"line":51,"column":2}},"5":{"start":{"line":52,"column":15},"end":{"line":52,"column":19}},"6":{"start":{"line":53,"column":0},"end":{"line":53,"column":27}}},"fnMap":{"0":{"name":"_interopRequireDefault","decl":{"start":{"line":10,"column":9},"end":{"line":10,"column":31}},"loc":{"start":{"line":10,"column":37},"end":{"line":10,"column":95}},"line":10}},"branchMap":{"0":{"loc":{"start":{"line":10,"column":46},"end":{"line":10,"column":92}},"type":"cond-expr","locations":[{"start":{"line":10,"column":70},"end":{"line":10,"column":73}},{"start":{"line":10,"column":76},"end":{"line":10,"column":92}}],"line":10},"1":{"loc":{"start":{"line":10,"column":46},"end":{"line":10,"column":67}},"type":"binary-expr","locations":[{"start":{"line":10,"column":46},"end":{"line":10,"column":49}},{"start":{"line":10,"column":53},"end":{"line":10,"column":67}}],"line":10}},"s":{"0":1,"1":1,"2":1,"3":1,"4":1,"5":1,"6":1},"f":{"0":1},"b":{"0":[0,1],"1":[1,1]},"_coverageSchema":"43e27e138ebf9cfc5966b082cf9a028302ed4184","hash":"bb6a6966d4656a584e41ea918a0060aacf1926bb","contentHash":"c29e551edb0df2f63651f587143f1d4099a7b141a671d888d3b3f4dc8ae60ca0"},"C:\\banka\\API\\lib\\middleware\\authMiddleware.js":{"path":"C:\\banka\\API\\lib\\middleware\\authMiddleware.js","statementMap":{"0":{"start":{"line":3,"column":0},"end":{"line":5,"column":3}},"1":{"start":{"line":6,"column":0},"end":{"line":6,"column":25}},"2":{"start":{"line":8,"column":20},"end":{"line":8,"column":67}},"3":{"start":{"line":10,"column":14},"end":{"line":10,"column":58}},"4":{"start":{"line":12,"column":39},"end":{"line":12,"column":93}},"5":{"start":{"line":14,"column":50},"end":{"line":14,"column":151}},"6":{"start":{"line":14,"column":92},"end":{"line":14,"column":149}},"7":{"start":{"line":16,"column":44},"end":{"line":16,"column":315}},"8":{"start":{"line":16,"column":57},"end":{"line":16,"column":58}},"9":{"start":{"line":16,"column":102},"end":{"line":16,"column":110}},"10":{"start":{"line":16,"column":112},"end":{"line":16,"column":167}},"11":{"start":{"line":16,"column":168},"end":{"line":16,"column":199}},"12":{"start":{"line":16,"column":200},"end":{"line":16,"column":254}},"13":{"start":{"line":16,"column":227},"end":{"line":16,"column":254}},"14":{"start":{"line":16,"column":255},"end":{"line":16,"column":313}},"15":{"start":{"line":18,"column":62},"end":{"line":18,"column":131}},"16":{"start":{"line":18,"column":78},"end":{"line":18,"column":131}},"17":{"start":{"line":18,"column":132},"end":{"line":18,"column":193}},"18":{"start":{"line":18,"column":149},"end":{"line":18,"column":193}},"19":{"start":{"line":18,"column":194},"end":{"line":18,"column":213}},"20":{"start":{"line":22,"column":0},"end":{"line":65,"column":3}},"21":{"start":{"line":24,"column":4},"end":{"line":24,"column":42}},"22":{"start":{"line":27,"column":2},"end":{"line":62,"column":6}},"23":{"start":{"line":32,"column":15},"end":{"line":32,"column":22}},"24":{"start":{"line":33,"column":21},"end":{"line":33,"column":34}},"25":{"start":{"line":34,"column":6},"end":{"line":40,"column":9}},"26":{"start":{"line":46,"column":25},"end":{"line":46,"column":50}},"27":{"start":{"line":48,"column":6},"end":{"line":60,"column":9}},"28":{"start":{"line":49,"column":8},"end":{"line":51,"column":9}},"29":{"start":{"line":50,"column":10},"end":{"line":50,"column":37}},"30":{"start":{"line":53,"column":17},"end":{"line":53,"column":28}},"31":{"start":{"line":54,"column":23},"end":{"line":54,"column":40}},"32":{"start":{"line":55,"column":8},"end":{"line":58,"column":10}},"33":{"start":{"line":59,"column":8},"end":{"line":59,"column":15}},"34":{"start":{"line":64,"column":2},"end":{"line":64,"column":24}},"35":{"start":{"line":67,"column":15},"end":{"line":67,"column":29}},"36":{"start":{"line":68,"column":0},"end":{"line":68,"column":27}}},"fnMap":{"0":{"name":"_interopRequireDefault","decl":{"start":{"line":12,"column":9},"end":{"line":12,"column":31}},"loc":{"start":{"line":12,"column":37},"end":{"line":12,"column":95}},"line":12},"1":{"name":"_classCallCheck","decl":{"start":{"line":14,"column":9},"end":{"line":14,"column":24}},"loc":{"start":{"line":14,"column":48},"end":{"line":14,"column":153}},"line":14},"2":{"name":"_defineProperties","decl":{"start":{"line":16,"column":9},"end":{"line":16,"column":26}},"loc":{"start":{"line":16,"column":42},"end":{"line":16,"column":317}},"line":16},"3":{"name":"_createClass","decl":{"start":{"line":18,"column":9},"end":{"line":18,"column":21}},"loc":{"start":{"line":18,"column":60},"end":{"line":18,"column":215}},"line":18},"4":{"name":"(anonymous_4)","decl":{"start":{"line":22,"column":0},"end":{"line":22,"column":1}},"loc":{"start":{"line":22,"column":12},"end":{"line":65,"column":1}},"line":22},"5":{"name":"authMiddleware","decl":{"start":{"line":23,"column":11},"end":{"line":23,"column":25}},"loc":{"start":{"line":23,"column":28},"end":{"line":25,"column":3}},"line":23},"6":{"name":"generateToken","decl":{"start":{"line":31,"column":20},"end":{"line":31,"column":33}},"loc":{"start":{"line":31,"column":40},"end":{"line":41,"column":5}},"line":31},"7":{"name":"verifyToken","decl":{"start":{"line":44,"column":20},"end":{"line":44,"column":31}},"loc":{"start":{"line":44,"column":48},"end":{"line":61,"column":5}},"line":44},"8":{"name":"(anonymous_8)","decl":{"start":{"line":48,"column":73},"end":{"line":48,"column":74}},"loc":{"start":{"line":48,"column":98},"end":{"line":60,"column":7}},"line":48}},"branchMap":{"0":{"loc":{"start":{"line":12,"column":46},"end":{"line":12,"column":92}},"type":"cond-expr","locations":[{"start":{"line":12,"column":70},"end":{"line":12,"column":73}},{"start":{"line":12,"column":76},"end":{"line":12,"column":92}}],"line":12},"1":{"loc":{"start":{"line":12,"column":46},"end":{"line":12,"column":67}},"type":"binary-expr","locations":[{"start":{"line":12,"column":46},"end":{"line":12,"column":49}},{"start":{"line":12,"column":53},"end":{"line":12,"column":67}}],"line":12},"2":{"loc":{"start":{"line":14,"column":50},"end":{"line":14,"column":151}},"type":"if","locations":[{"start":{"line":14,"column":50},"end":{"line":14,"column":151}},{"start":{"line":14,"column":50},"end":{"line":14,"column":151}}],"line":14},"3":{"loc":{"start":{"line":16,"column":136},"end":{"line":16,"column":166}},"type":"binary-expr","locations":[{"start":{"line":16,"column":136},"end":{"line":16,"column":157}},{"start":{"line":16,"column":161},"end":{"line":16,"column":166}}],"line":16},"4":{"loc":{"start":{"line":16,"column":200},"end":{"line":16,"column":254}},"type":"if","locations":[{"start":{"line":16,"column":200},"end":{"line":16,"column":254}},{"start":{"line":16,"column":200},"end":{"line":16,"column":254}}],"line":16},"5":{"loc":{"start":{"line":18,"column":62},"end":{"line":18,"column":131}},"type":"if","locations":[{"start":{"line":18,"column":62},"end":{"line":18,"column":131}},{"start":{"line":18,"column":62},"end":{"line":18,"column":131}}],"line":18},"6":{"loc":{"start":{"line":18,"column":132},"end":{"line":18,"column":193}},"type":"if","locations":[{"start":{"line":18,"column":132},"end":{"line":18,"column":193}},{"start":{"line":18,"column":132},"end":{"line":18,"column":193}}],"line":18},"7":{"loc":{"start":{"line":49,"column":8},"end":{"line":51,"column":9}},"type":"if","locations":[{"start":{"line":49,"column":8},"end":{"line":51,"column":9}},{"start":{"line":49,"column":8},"end":{"line":51,"column":9}}],"line":49}},"s":{"0":1,"1":1,"2":1,"3":1,"4":2,"5":0,"6":0,"7":1,"8":1,"9":2,"10":2,"11":2,"12":2,"13":2,"14":2,"15":1,"16":0,"17":1,"18":1,"19":1,"20":1,"21":0,"22":1,"23":2,"24":2,"25":2,"26":10,"27":10,"28":10,"29":0,"30":10,"31":10,"32":10,"33":10,"34":1,"35":1,"36":1},"f":{"0":2,"1":0,"2":1,"3":1,"4":1,"5":0,"6":2,"7":10,"8":10},"b":{"0":[1,1],"1":[2,2],"2":[0,0],"3":[2,2],"4":[2,0],"5":[0,1],"6":[1,0],"7":[0,10]},"_coverageSchema":"43e27e138ebf9cfc5966b082cf9a028302ed4184","hash":"640dba4477d76c06264c54375554d645b01642a0","contentHash":"791c42f4fd7d3cb82bae31ee6e55d609b87624112711e3f1f8fba9a9f23b1add"},"C:\\banka\\API\\lib\\routes\\accountsRoutes.js":{"path":"C:\\banka\\API\\lib\\routes\\accountsRoutes.js","statementMap":{"0":{"start":{"line":3,"column":0},"end":{"line":5,"column":3}},"1":{"start":{"line":6,"column":0},"end":{"line":6,"column":25}},"2":{"start":{"line":8,"column":15},"end":{"line":8,"column":33}},"3":{"start":{"line":10,"column":26},"end":{"line":10,"column":93}},"4":{"start":{"line":12,"column":17},"end":{"line":12,"column":70}},"5":{"start":{"line":14,"column":22},"end":{"line":14,"column":85}},"6":{"start":{"line":16,"column":17},"end":{"line":16,"column":75}},"7":{"start":{"line":18,"column":39},"end":{"line":18,"column":93}},"8":{"start":{"line":20,"column":13},"end":{"line":20,"column":35}},"9":{"start":{"line":21,"column":0},"end":{"line":21,"column":48}},"10":{"start":{"line":22,"column":0},"end":{"line":22,"column":136}},"11":{"start":{"line":23,"column":0},"end":{"line":23,"column":111}},"12":{"start":{"line":24,"column":0},"end":{"line":24,"column":95}},"13":{"start":{"line":25,"column":0},"end":{"line":25,"column":112}},"14":{"start":{"line":26,"column":0},"end":{"line":26,"column":112}},"15":{"start":{"line":27,"column":15},"end":{"line":27,"column":21}},"16":{"start":{"line":28,"column":0},"end":{"line":28,"column":27}}},"fnMap":{"0":{"name":"_interopRequireDefault","decl":{"start":{"line":18,"column":9},"end":{"line":18,"column":31}},"loc":{"start":{"line":18,"column":37},"end":{"line":18,"column":95}},"line":18}},"branchMap":{"0":{"loc":{"start":{"line":18,"column":46},"end":{"line":18,"column":92}},"type":"cond-expr","locations":[{"start":{"line":18,"column":70},"end":{"line":18,"column":73}},{"start":{"line":18,"column":76},"end":{"line":18,"column":92}}],"line":18},"1":{"loc":{"start":{"line":18,"column":46},"end":{"line":18,"column":67}},"type":"binary-expr","locations":[{"start":{"line":18,"column":46},"end":{"line":18,"column":49}},{"start":{"line":18,"column":53},"end":{"line":18,"column":67}}],"line":18}},"s":{"0":1,"1":1,"2":1,"3":1,"4":1,"5":1,"6":1,"7":4,"8":1,"9":1,"10":1,"11":1,"12":1,"13":1,"14":1,"15":1,"16":1},"f":{"0":4},"b":{"0":[4,0],"1":[4,4]},"_coverageSchema":"43e27e138ebf9cfc5966b082cf9a028302ed4184","hash":"b230fd8469a09cfc27d84e572a45f53aba9098be","contentHash":"78898ad57f230e13c9758ce06d8e5f9033bf821b714db36986b2ecbb13967f39"},"C:\\banka\\API\\lib\\controller\\accountsController.js":{"path":"C:\\banka\\API\\lib\\controller\\accountsController.js","statementMap":{"0":{"start":{"line":3,"column":0},"end":{"line":5,"column":3}},"1":{"start":{"line":6,"column":0},"end":{"line":6,"column":25}},"2":{"start":{"line":8,"column":13},"end":{"line":8,"column":47}},"3":{"start":{"line":10,"column":12},"end":{"line":10,"column":60}},"4":{"start":{"line":12,"column":16},"end":{"line":12,"column":68}},"5":{"start":{"line":14,"column":20},"end":{"line":14,"column":76}},"6":{"start":{"line":16,"column":39},"end":{"line":16,"column":93}},"7":{"start":{"line":18,"column":77},"end":{"line":18,"column":175}},"8":{"start":{"line":18,"column":94},"end":{"line":18,"column":107}},"9":{"start":{"line":18,"column":121},"end":{"line":18,"column":131}},"10":{"start":{"line":18,"column":151},"end":{"line":18,"column":165}},"11":{"start":{"line":18,"column":166},"end":{"line":18,"column":173}},"12":{"start":{"line":18,"column":176},"end":{"line":18,"column":263}},"13":{"start":{"line":18,"column":193},"end":{"line":18,"column":208}},"14":{"start":{"line":18,"column":218},"end":{"line":18,"column":261}},"15":{"start":{"line":20,"column":33},"end":{"line":20,"column":387}},"16":{"start":{"line":20,"column":65},"end":{"line":20,"column":69}},"17":{"start":{"line":20,"column":78},"end":{"line":20,"column":87}},"18":{"start":{"line":20,"column":89},"end":{"line":20,"column":384}},"19":{"start":{"line":20,"column":147},"end":{"line":20,"column":167}},"20":{"start":{"line":20,"column":193},"end":{"line":20,"column":264}},"21":{"start":{"line":20,"column":290},"end":{"line":20,"column":360}},"22":{"start":{"line":20,"column":363},"end":{"line":20,"column":380}},"23":{"start":{"line":22,"column":50},"end":{"line":22,"column":151}},"24":{"start":{"line":22,"column":92},"end":{"line":22,"column":149}},"25":{"start":{"line":24,"column":44},"end":{"line":24,"column":315}},"26":{"start":{"line":24,"column":57},"end":{"line":24,"column":58}},"27":{"start":{"line":24,"column":102},"end":{"line":24,"column":110}},"28":{"start":{"line":24,"column":112},"end":{"line":24,"column":167}},"29":{"start":{"line":24,"column":168},"end":{"line":24,"column":199}},"30":{"start":{"line":24,"column":200},"end":{"line":24,"column":254}},"31":{"start":{"line":24,"column":227},"end":{"line":24,"column":254}},"32":{"start":{"line":24,"column":255},"end":{"line":24,"column":313}},"33":{"start":{"line":26,"column":62},"end":{"line":26,"column":131}},"34":{"start":{"line":26,"column":78},"end":{"line":26,"column":131}},"35":{"start":{"line":26,"column":132},"end":{"line":26,"column":193}},"36":{"start":{"line":26,"column":149},"end":{"line":26,"column":193}},"37":{"start":{"line":26,"column":194},"end":{"line":26,"column":213}},"38":{"start":{"line":30,"column":0},"end":{"line":379,"column":3}},"39":{"start":{"line":32,"column":4},"end":{"line":32,"column":46}},"40":{"start":{"line":35,"column":2},"end":{"line":376,"column":6}},"41":{"start":{"line":38,"column":27},"end":{"line":110,"column":9}},"42":{"start":{"line":43,"column":8},"end":{"line":109,"column":37}},"43":{"start":{"line":44,"column":10},"end":{"line":108,"column":11}},"44":{"start":{"line":45,"column":12},"end":{"line":107,"column":13}},"45":{"start":{"line":47,"column":16},"end":{"line":47,"column":34}},"46":{"start":{"line":48,"column":16},"end":{"line":48,"column":59}},"47":{"start":{"line":50,"column":16},"end":{"line":53,"column":17}},"48":{"start":{"line":51,"column":18},"end":{"line":51,"column":36}},"49":{"start":{"line":52,"column":18},"end":{"line":52,"column":24}},"50":{"start":{"line":55,"column":16},"end":{"line":55,"column":48}},"51":{"start":{"line":56,"column":16},"end":{"line":61,"column":19}},"52":{"start":{"line":57,"column":29},"end":{"line":57,"column":31}},"53":{"start":{"line":58,"column":18},"end":{"line":58,"column":44}},"54":{"start":{"line":59,"column":18},"end":{"line":59,"column":41}},"55":{"start":{"line":60,"column":18},"end":{"line":60,"column":30}},"56":{"start":{"line":62,"column":16},"end":{"line":66,"column":20}},"57":{"start":{"line":69,"column":16},"end":{"line":69,"column":103}},"58":{"start":{"line":70,"column":16},"end":{"line":72,"column":19}},"59":{"start":{"line":71,"column":18},"end":{"line":71,"column":52}},"60":{"start":{"line":73,"column":16},"end":{"line":73,"column":33}},"61":{"start":{"line":75,"column":16},"end":{"line":75,"column":62}},"62":{"start":{"line":76,"column":16},"end":{"line":86,"column":18}},"63":{"start":{"line":88,"column":16},"end":{"line":88,"column":61}},"64":{"start":{"line":90,"column":16},"end":{"line":94,"column":20}},"65":{"start":{"line":97,"column":16},"end":{"line":97,"column":35}},"66":{"start":{"line":98,"column":16},"end":{"line":98,"column":51}},"67":{"start":{"line":99,"column":16},"end":{"line":102,"column":20}},"68":{"start":{"line":106,"column":16},"end":{"line":106,"column":39}},"69":{"start":{"line":113,"column":8},"end":{"line":113,"column":53}},"70":{"start":{"line":116,"column":6},"end":{"line":116,"column":27}},"71":{"start":{"line":121,"column":27},"end":{"line":149,"column":9}},"72":{"start":{"line":124,"column":8},"end":{"line":148,"column":37}},"73":{"start":{"line":125,"column":10},"end":{"line":147,"column":11}},"74":{"start":{"line":126,"column":12},"end":{"line":146,"column":13}},"75":{"start":{"line":128,"column":16},"end":{"line":128,"column":35}},"76":{"start":{"line":129,"column":16},"end":{"line":133,"column":20}},"77":{"start":{"line":136,"column":16},"end":{"line":136,"column":35}},"78":{"start":{"line":137,"column":16},"end":{"line":137,"column":53}},"79":{"start":{"line":138,"column":16},"end":{"line":141,"column":20}},"80":{"start":{"line":145,"column":16},"end":{"line":145,"column":40}},"81":{"start":{"line":152,"column":8},"end":{"line":152,"column":53}},"82":{"start":{"line":155,"column":6},"end":{"line":155,"column":27}},"83":{"start":{"line":160,"column":30},"end":{"line":206,"column":9}},"84":{"start":{"line":164,"column":8},"end":{"line":205,"column":38}},"85":{"start":{"line":165,"column":10},"end":{"line":204,"column":11}},"86":{"start":{"line":166,"column":12},"end":{"line":203,"column":13}},"87":{"start":{"line":168,"column":16},"end":{"line":168,"column":35}},"88":{"start":{"line":169,"column":16},"end":{"line":169,"column":57}},"89":{"start":{"line":170,"column":16},"end":{"line":170,"column":35}},"90":{"start":{"line":171,"column":16},"end":{"line":173,"column":19}},"91":{"start":{"line":172,"column":18},"end":{"line":172,"column":68}},"92":{"start":{"line":176,"column":16},"end":{"line":176,"column":44}},"93":{"start":{"line":178,"column":16},"end":{"line":181,"column":17}},"94":{"start":{"line":179,"column":18},"end":{"line":179,"column":37}},"95":{"start":{"line":180,"column":18},"end":{"line":180,"column":24}},"96":{"start":{"line":183,"column":16},"end":{"line":183,"column":58}},"97":{"start":{"line":186,"column":16},"end":{"line":190,"column":20}},"98":{"start":{"line":193,"column":16},"end":{"line":193,"column":36}},"99":{"start":{"line":194,"column":16},"end":{"line":194,"column":53}},"100":{"start":{"line":195,"column":16},"end":{"line":198,"column":20}},"101":{"start":{"line":202,"column":16},"end":{"line":202,"column":40}},"102":{"start":{"line":209,"column":8},"end":{"line":209,"column":56}},"103":{"start":{"line":212,"column":6},"end":{"line":212,"column":30}},"104":{"start":{"line":217,"column":27},"end":{"line":307,"column":9}},"105":{"start":{"line":221,"column":8},"end":{"line":306,"column":38}},"106":{"start":{"line":222,"column":10},"end":{"line":305,"column":11}},"107":{"start":{"line":223,"column":12},"end":{"line":304,"column":13}},"108":{"start":{"line":225,"column":16},"end":{"line":225,"column":35}},"109":{"start":{"line":226,"column":16},"end":{"line":226,"column":59}},"110":{"start":{"line":228,"column":16},"end":{"line":231,"column":17}},"111":{"start":{"line":229,"column":18},"end":{"line":229,"column":37}},"112":{"start":{"line":230,"column":18},"end":{"line":230,"column":24}},"113":{"start":{"line":233,"column":16},"end":{"line":233,"column":48}},"114":{"start":{"line":234,"column":16},"end":{"line":239,"column":19}},"115":{"start":{"line":235,"column":29},"end":{"line":235,"column":31}},"116":{"start":{"line":236,"column":18},"end":{"line":236,"column":44}},"117":{"start":{"line":237,"column":18},"end":{"line":237,"column":41}},"118":{"start":{"line":238,"column":18},"end":{"line":238,"column":30}},"119":{"start":{"line":240,"column":16},"end":{"line":244,"column":20}},"120":{"start":{"line":247,"column":16},"end":{"line":247,"column":57}},"121":{"start":{"line":248,"column":16},"end":{"line":250,"column":19}},"122":{"start":{"line":249,"column":18},"end":{"line":249,"column":61}},"123":{"start":{"line":252,"column":16},"end":{"line":255,"column":17}},"124":{"start":{"line":253,"column":18},"end":{"line":253,"column":38}},"125":{"start":{"line":254,"column":18},"end":{"line":254,"column":24}},"126":{"start":{"line":257,"column":16},"end":{"line":260,"column":20}},"127":{"start":{"line":263,"column":16},"end":{"line":263,"column":199}},"128":{"start":{"line":264,"column":16},"end":{"line":264,"column":56}},"129":{"start":{"line":265,"column":16},"end":{"line":265,"column":49}},"130":{"start":{"line":266,"column":16},"end":{"line":276,"column":18}},"131":{"start":{"line":278,"column":16},"end":{"line":278,"column":106}},"132":{"start":{"line":280,"column":16},"end":{"line":290,"column":20}},"133":{"start":{"line":293,"column":16},"end":{"line":293,"column":36}},"134":{"start":{"line":294,"column":16},"end":{"line":294,"column":53}},"135":{"start":{"line":295,"column":16},"end":{"line":299,"column":20}},"136":{"start":{"line":303,"column":16},"end":{"line":303,"column":40}},"137":{"start":{"line":310,"column":8},"end":{"line":310,"column":53}},"138":{"start":{"line":313,"column":6},"end":{"line":313,"column":27}},"139":{"start":{"line":318,"column":27},"end":{"line":368,"column":9}},"140":{"start":{"line":322,"column":8},"end":{"line":367,"column":38}},"141":{"start":{"line":323,"column":10},"end":{"line":366,"column":11}},"142":{"start":{"line":324,"column":12},"end":{"line":365,"column":13}},"143":{"start":{"line":326,"column":16},"end":{"line":326,"column":35}},"144":{"start":{"line":327,"column":16},"end":{"line":327,"column":57}},"145":{"start":{"line":328,"column":16},"end":{"line":328,"column":35}},"146":{"start":{"line":329,"column":16},"end":{"line":331,"column":19}},"147":{"start":{"line":330,"column":18},"end":{"line":330,"column":69}},"148":{"start":{"line":334,"column":16},"end":{"line":334,"column":48}},"149":{"start":{"line":336,"column":16},"end":{"line":339,"column":17}},"150":{"start":{"line":337,"column":18},"end":{"line":337,"column":37}},"151":{"start":{"line":338,"column":18},"end":{"line":338,"column":24}},"152":{"start":{"line":341,"column":16},"end":{"line":344,"column":20}},"153":{"start":{"line":347,"column":16},"end":{"line":347,"column":61}},"154":{"start":{"line":349,"column":16},"end":{"line":352,"column":20}},"155":{"start":{"line":355,"column":16},"end":{"line":355,"column":36}},"156":{"start":{"line":356,"column":16},"end":{"line":356,"column":53}},"157":{"start":{"line":357,"column":16},"end":{"line":360,"column":20}},"158":{"start":{"line":364,"column":16},"end":{"line":364,"column":40}},"159":{"start":{"line":371,"column":8},"end":{"line":371,"column":53}},"160":{"start":{"line":374,"column":6},"end":{"line":374,"column":27}},"161":{"start":{"line":378,"column":2},"end":{"line":378,"column":28}},"162":{"start":{"line":381,"column":15},"end":{"line":381,"column":33}},"163":{"start":{"line":382,"column":0},"end":{"line":382,"column":27}}},"fnMap":{"0":{"name":"_interopRequireDefault","decl":{"start":{"line":16,"column":9},"end":{"line":16,"column":31}},"loc":{"start":{"line":16,"column":37},"end":{"line":16,"column":95}},"line":16},"1":{"name":"asyncGeneratorStep","decl":{"start":{"line":18,"column":9},"end":{"line":18,"column":27}},"loc":{"start":{"line":18,"column":75},"end":{"line":18,"column":265}},"line":18},"2":{"name":"_asyncToGenerator","decl":{"start":{"line":20,"column":9},"end":{"line":20,"column":26}},"loc":{"start":{"line":20,"column":31},"end":{"line":20,"column":389}},"line":20},"3":{"name":"(anonymous_3)","decl":{"start":{"line":20,"column":40},"end":{"line":20,"column":41}},"loc":{"start":{"line":20,"column":52},"end":{"line":20,"column":386}},"line":20},"4":{"name":"(anonymous_4)","decl":{"start":{"line":20,"column":108},"end":{"line":20,"column":109}},"loc":{"start":{"line":20,"column":135},"end":{"line":20,"column":382}},"line":20},"5":{"name":"_next","decl":{"start":{"line":20,"column":178},"end":{"line":20,"column":183}},"loc":{"start":{"line":20,"column":191},"end":{"line":20,"column":266}},"line":20},"6":{"name":"_throw","decl":{"start":{"line":20,"column":276},"end":{"line":20,"column":282}},"loc":{"start":{"line":20,"column":288},"end":{"line":20,"column":362}},"line":20},"7":{"name":"_classCallCheck","decl":{"start":{"line":22,"column":9},"end":{"line":22,"column":24}},"loc":{"start":{"line":22,"column":48},"end":{"line":22,"column":153}},"line":22},"8":{"name":"_defineProperties","decl":{"start":{"line":24,"column":9},"end":{"line":24,"column":26}},"loc":{"start":{"line":24,"column":42},"end":{"line":24,"column":317}},"line":24},"9":{"name":"_createClass","decl":{"start":{"line":26,"column":9},"end":{"line":26,"column":21}},"loc":{"start":{"line":26,"column":60},"end":{"line":26,"column":215}},"line":26},"10":{"name":"(anonymous_10)","decl":{"start":{"line":30,"column":0},"end":{"line":30,"column":1}},"loc":{"start":{"line":30,"column":12},"end":{"line":379,"column":1}},"line":30},"11":{"name":"accountsController","decl":{"start":{"line":31,"column":11},"end":{"line":31,"column":29}},"loc":{"start":{"line":31,"column":32},"end":{"line":33,"column":3}},"line":31},"12":{"name":"(anonymous_12)","decl":{"start":{"line":37,"column":11},"end":{"line":37,"column":12}},"loc":{"start":{"line":37,"column":23},"end":{"line":117,"column":5}},"line":37},"13":{"name":"_callee","decl":{"start":{"line":40,"column":39},"end":{"line":40,"column":46}},"loc":{"start":{"line":40,"column":57},"end":{"line":110,"column":7}},"line":40},"14":{"name":"_callee$","decl":{"start":{"line":43,"column":48},"end":{"line":43,"column":56}},"loc":{"start":{"line":43,"column":67},"end":{"line":109,"column":9}},"line":43},"15":{"name":"(anonymous_15)","decl":{"start":{"line":56,"column":46},"end":{"line":56,"column":47}},"loc":{"start":{"line":56,"column":61},"end":{"line":61,"column":17}},"line":56},"16":{"name":"(anonymous_16)","decl":{"start":{"line":70,"column":50},"end":{"line":70,"column":51}},"loc":{"start":{"line":70,"column":69},"end":{"line":72,"column":17}},"line":70},"17":{"name":"createAccount","decl":{"start":{"line":112,"column":15},"end":{"line":112,"column":28}},"loc":{"start":{"line":112,"column":38},"end":{"line":114,"column":7}},"line":112},"18":{"name":"(anonymous_18)","decl":{"start":{"line":120,"column":11},"end":{"line":120,"column":12}},"loc":{"start":{"line":120,"column":23},"end":{"line":156,"column":5}},"line":120},"19":{"name":"_callee2","decl":{"start":{"line":123,"column":39},"end":{"line":123,"column":47}},"loc":{"start":{"line":123,"column":58},"end":{"line":149,"column":7}},"line":123},"20":{"name":"_callee2$","decl":{"start":{"line":124,"column":48},"end":{"line":124,"column":57}},"loc":{"start":{"line":124,"column":69},"end":{"line":148,"column":9}},"line":124},"21":{"name":"getAllAccount","decl":{"start":{"line":151,"column":15},"end":{"line":151,"column":28}},"loc":{"start":{"line":151,"column":39},"end":{"line":153,"column":7}},"line":151},"22":{"name":"(anonymous_22)","decl":{"start":{"line":159,"column":11},"end":{"line":159,"column":12}},"loc":{"start":{"line":159,"column":23},"end":{"line":213,"column":5}},"line":159},"23":{"name":"_callee3","decl":{"start":{"line":162,"column":39},"end":{"line":162,"column":47}},"loc":{"start":{"line":162,"column":58},"end":{"line":206,"column":7}},"line":162},"24":{"name":"_callee3$","decl":{"start":{"line":164,"column":48},"end":{"line":164,"column":57}},"loc":{"start":{"line":164,"column":69},"end":{"line":205,"column":9}},"line":164},"25":{"name":"(anonymous_25)","decl":{"start":{"line":171,"column":50},"end":{"line":171,"column":51}},"loc":{"start":{"line":171,"column":72},"end":{"line":173,"column":17}},"line":171},"26":{"name":"getSingleAccount","decl":{"start":{"line":208,"column":15},"end":{"line":208,"column":31}},"loc":{"start":{"line":208,"column":42},"end":{"line":210,"column":7}},"line":208},"27":{"name":"(anonymous_27)","decl":{"start":{"line":216,"column":11},"end":{"line":216,"column":12}},"loc":{"start":{"line":216,"column":23},"end":{"line":314,"column":5}},"line":216},"28":{"name":"_callee4","decl":{"start":{"line":219,"column":39},"end":{"line":219,"column":47}},"loc":{"start":{"line":219,"column":58},"end":{"line":307,"column":7}},"line":219},"29":{"name":"_callee4$","decl":{"start":{"line":221,"column":48},"end":{"line":221,"column":57}},"loc":{"start":{"line":221,"column":69},"end":{"line":306,"column":9}},"line":221},"30":{"name":"(anonymous_30)","decl":{"start":{"line":234,"column":46},"end":{"line":234,"column":47}},"loc":{"start":{"line":234,"column":61},"end":{"line":239,"column":17}},"line":234},"31":{"name":"(anonymous_31)","decl":{"start":{"line":248,"column":55},"end":{"line":248,"column":56}},"loc":{"start":{"line":248,"column":70},"end":{"line":250,"column":17}},"line":248},"32":{"name":"updateAccount","decl":{"start":{"line":309,"column":15},"end":{"line":309,"column":28}},"loc":{"start":{"line":309,"column":39},"end":{"line":311,"column":7}},"line":309},"33":{"name":"(anonymous_33)","decl":{"start":{"line":317,"column":11},"end":{"line":317,"column":12}},"loc":{"start":{"line":317,"column":23},"end":{"line":375,"column":5}},"line":317},"34":{"name":"_callee5","decl":{"start":{"line":320,"column":39},"end":{"line":320,"column":47}},"loc":{"start":{"line":320,"column":58},"end":{"line":368,"column":7}},"line":320},"35":{"name":"_callee5$","decl":{"start":{"line":322,"column":48},"end":{"line":322,"column":57}},"loc":{"start":{"line":322,"column":69},"end":{"line":367,"column":9}},"line":322},"36":{"name":"(anonymous_36)","decl":{"start":{"line":329,"column":50},"end":{"line":329,"column":51}},"loc":{"start":{"line":329,"column":73},"end":{"line":331,"column":17}},"line":329},"37":{"name":"deleteAccount","decl":{"start":{"line":370,"column":15},"end":{"line":370,"column":28}},"loc":{"start":{"line":370,"column":40},"end":{"line":372,"column":7}},"line":370}},"branchMap":{"0":{"loc":{"start":{"line":16,"column":46},"end":{"line":16,"column":92}},"type":"cond-expr","locations":[{"start":{"line":16,"column":70},"end":{"line":16,"column":73}},{"start":{"line":16,"column":76},"end":{"line":16,"column":92}}],"line":16},"1":{"loc":{"start":{"line":16,"column":46},"end":{"line":16,"column":67}},"type":"binary-expr","locations":[{"start":{"line":16,"column":46},"end":{"line":16,"column":49}},{"start":{"line":16,"column":53},"end":{"line":16,"column":67}}],"line":16},"2":{"loc":{"start":{"line":18,"column":176},"end":{"line":18,"column":263}},"type":"if","locations":[{"start":{"line":18,"column":176},"end":{"line":18,"column":263}},{"start":{"line":18,"column":176},"end":{"line":18,"column":263}}],"line":18},"3":{"loc":{"start":{"line":22,"column":50},"end":{"line":22,"column":151}},"type":"if","locations":[{"start":{"line":22,"column":50},"end":{"line":22,"column":151}},{"start":{"line":22,"column":50},"end":{"line":22,"column":151}}],"line":22},"4":{"loc":{"start":{"line":24,"column":136},"end":{"line":24,"column":166}},"type":"binary-expr","locations":[{"start":{"line":24,"column":136},"end":{"line":24,"column":157}},{"start":{"line":24,"column":161},"end":{"line":24,"column":166}}],"line":24},"5":{"loc":{"start":{"line":24,"column":200},"end":{"line":24,"column":254}},"type":"if","locations":[{"start":{"line":24,"column":200},"end":{"line":24,"column":254}},{"start":{"line":24,"column":200},"end":{"line":24,"column":254}}],"line":24},"6":{"loc":{"start":{"line":26,"column":62},"end":{"line":26,"column":131}},"type":"if","locations":[{"start":{"line":26,"column":62},"end":{"line":26,"column":131}},{"start":{"line":26,"column":62},"end":{"line":26,"column":131}}],"line":26},"7":{"loc":{"start":{"line":26,"column":132},"end":{"line":26,"column":193}},"type":"if","locations":[{"start":{"line":26,"column":132},"end":{"line":26,"column":193}},{"start":{"line":26,"column":132},"end":{"line":26,"column":193}}],"line":26},"8":{"loc":{"start":{"line":45,"column":12},"end":{"line":107,"column":13}},"type":"switch","locations":[{"start":{"line":46,"column":14},"end":{"line":66,"column":20}},{"start":{"line":68,"column":14},"end":{"line":94,"column":20}},{"start":{"line":96,"column":14},"end":{"line":102,"column":20}},{"start":{"line":104,"column":14},"end":{"line":104,"column":22}},{"start":{"line":105,"column":14},"end":{"line":106,"column":39}}],"line":45},"9":{"loc":{"start":{"line":50,"column":16},"end":{"line":53,"column":17}},"type":"if","locations":[{"start":{"line":50,"column":16},"end":{"line":53,"column":17}},{"start":{"line":50,"column":16},"end":{"line":53,"column":17}}],"line":50},"10":{"loc":{"start":{"line":126,"column":12},"end":{"line":146,"column":13}},"type":"switch","locations":[{"start":{"line":127,"column":14},"end":{"line":133,"column":20}},{"start":{"line":135,"column":14},"end":{"line":141,"column":20}},{"start":{"line":143,"column":14},"end":{"line":143,"column":21}},{"start":{"line":144,"column":14},"end":{"line":145,"column":40}}],"line":126},"11":{"loc":{"start":{"line":166,"column":12},"end":{"line":203,"column":13}},"type":"switch","locations":[{"start":{"line":167,"column":14},"end":{"line":173,"column":19}},{"start":{"line":175,"column":14},"end":{"line":183,"column":58}},{"start":{"line":185,"column":14},"end":{"line":190,"column":20}},{"start":{"line":192,"column":14},"end":{"line":198,"column":20}},{"start":{"line":200,"column":14},"end":{"line":200,"column":22}},{"start":{"line":201,"column":14},"end":{"line":202,"column":40}}],"line":166},"12":{"loc":{"start":{"line":178,"column":16},"end":{"line":181,"column":17}},"type":"if","locations":[{"start":{"line":178,"column":16},"end":{"line":181,"column":17}},{"start":{"line":178,"column":16},"end":{"line":181,"column":17}}],"line":178},"13":{"loc":{"start":{"line":223,"column":12},"end":{"line":304,"column":13}},"type":"switch","locations":[{"start":{"line":224,"column":14},"end":{"line":244,"column":20}},{"start":{"line":246,"column":14},"end":{"line":260,"column":20}},{"start":{"line":262,"column":14},"end":{"line":290,"column":20}},{"start":{"line":292,"column":14},"end":{"line":299,"column":20}},{"start":{"line":301,"column":14},"end":{"line":301,"column":22}},{"start":{"line":302,"column":14},"end":{"line":303,"column":40}}],"line":223},"14":{"loc":{"start":{"line":228,"column":16},"end":{"line":231,"column":17}},"type":"if","locations":[{"start":{"line":228,"column":16},"end":{"line":231,"column":17}},{"start":{"line":228,"column":16},"end":{"line":231,"column":17}}],"line":228},"15":{"loc":{"start":{"line":252,"column":16},"end":{"line":255,"column":17}},"type":"if","locations":[{"start":{"line":252,"column":16},"end":{"line":255,"column":17}},{"start":{"line":252,"column":16},"end":{"line":255,"column":17}}],"line":252},"16":{"loc":{"start":{"line":324,"column":12},"end":{"line":365,"column":13}},"type":"switch","locations":[{"start":{"line":325,"column":14},"end":{"line":331,"column":19}},{"start":{"line":333,"column":14},"end":{"line":344,"column":20}},{"start":{"line":346,"column":14},"end":{"line":352,"column":20}},{"start":{"line":354,"column":14},"end":{"line":360,"column":20}},{"start":{"line":362,"column":14},"end":{"line":362,"column":22}},{"start":{"line":363,"column":14},"end":{"line":364,"column":40}}],"line":324},"17":{"loc":{"start":{"line":336,"column":16},"end":{"line":339,"column":17}},"type":"if","locations":[{"start":{"line":336,"column":16},"end":{"line":339,"column":17}},{"start":{"line":336,"column":16},"end":{"line":339,"column":17}}],"line":336}},"s":{"0":1,"1":1,"2":1,"3":1,"4":1,"5":1,"6":3,"7":14,"8":14,"9":14,"10":0,"11":0,"12":14,"13":10,"14":4,"15":5,"16":10,"17":10,"18":10,"19":10,"20":14,"21":0,"22":10,"23":0,"24":0,"25":1,"26":1,"27":5,"28":5,"29":5,"30":5,"31":5,"32":5,"33":1,"34":0,"35":1,"36":1,"37":1,"38":1,"39":0,"40":1,"41":1,"42":2,"43":4,"44":5,"45":2,"46":2,"47":2,"48":1,"49":1,"50":1,"51":1,"52":1,"53":1,"54":1,"55":1,"56":1,"57":1,"58":1,"59":1,"60":1,"61":1,"62":1,"63":1,"64":1,"65":0,"66":0,"67":0,"68":2,"69":2,"70":1,"71":1,"72":1,"73":2,"74":2,"75":1,"76":1,"77":0,"78":0,"79":0,"80":1,"81":1,"82":1,"83":1,"84":2,"85":7,"86":8,"87":2,"88":2,"89":2,"90":2,"91":4,"92":2,"93":2,"94":1,"95":1,"96":1,"97":1,"98":1,"99":1,"100":1,"101":2,"102":2,"103":1,"104":1,"105":3,"106":6,"107":10,"108":3,"109":3,"110":3,"111":3,"112":3,"113":0,"114":0,"115":0,"116":0,"117":0,"118":0,"119":0,"120":3,"121":3,"122":7,"123":3,"124":1,"125":1,"126":2,"127":1,"128":1,"129":1,"130":1,"131":1,"132":1,"133":0,"134":0,"135":0,"136":3,"137":3,"138":1,"139":1,"140":2,"141":6,"142":7,"143":2,"144":2,"145":2,"146":2,"147":4,"148":2,"149":2,"150":1,"151":1,"152":1,"153":1,"154":1,"155":0,"156":0,"157":0,"158":2,"159":2,"160":1,"161":1,"162":1,"163":1},"f":{"0":3,"1":14,"2":5,"3":10,"4":10,"5":14,"6":0,"7":0,"8":1,"9":1,"10":1,"11":0,"12":1,"13":2,"14":4,"15":1,"16":1,"17":2,"18":1,"19":1,"20":2,"21":1,"22":1,"23":2,"24":7,"25":4,"26":2,"27":1,"28":3,"29":6,"30":0,"31":7,"32":3,"33":1,"34":2,"35":6,"36":4,"37":2},"b":{"0":[3,0],"1":[3,3],"2":[10,4],"3":[0,0],"4":[5,5],"5":[5,0],"6":[0,1],"7":[1,0],"8":[2,1,0,0,2],"9":[1,1],"10":[1,0,0,1],"11":[2,2,1,1,0,2],"12":[1,1],"13":[3,3,1,0,0,3],"14":[3,0],"15":[1,2],"16":[2,2,1,0,0,2],"17":[1,1]},"_coverageSchema":"43e27e138ebf9cfc5966b082cf9a028302ed4184","hash":"24f08fed2dd91c0bfbdf3d7c0c840b0978c048aa","contentHash":"66120e166bda23d4ee814e170371e9aa8497be952f7daf2df9504b0118e931a8"},"C:\\banka\\API\\lib\\utils\\util.js":{"path":"C:\\banka\\API\\lib\\utils\\util.js","statementMap":{"0":{"start":{"line":3,"column":0},"end":{"line":5,"column":3}},"1":{"start":{"line":6,"column":0},"end":{"line":6,"column":25}},"2":{"start":{"line":8,"column":20},"end":{"line":8,"column":68}},"3":{"start":{"line":10,"column":20},"end":{"line":10,"column":69}},"4":{"start":{"line":12,"column":39},"end":{"line":12,"column":93}},"5":{"start":{"line":14,"column":50},"end":{"line":14,"column":151}},"6":{"start":{"line":14,"column":92},"end":{"line":14,"column":149}},"7":{"start":{"line":16,"column":44},"end":{"line":16,"column":315}},"8":{"start":{"line":16,"column":57},"end":{"line":16,"column":58}},"9":{"start":{"line":16,"column":102},"end":{"line":16,"column":110}},"10":{"start":{"line":16,"column":112},"end":{"line":16,"column":167}},"11":{"start":{"line":16,"column":168},"end":{"line":16,"column":199}},"12":{"start":{"line":16,"column":200},"end":{"line":16,"column":254}},"13":{"start":{"line":16,"column":227},"end":{"line":16,"column":254}},"14":{"start":{"line":16,"column":255},"end":{"line":16,"column":313}},"15":{"start":{"line":18,"column":62},"end":{"line":18,"column":131}},"16":{"start":{"line":18,"column":78},"end":{"line":18,"column":131}},"17":{"start":{"line":18,"column":132},"end":{"line":18,"column":193}},"18":{"start":{"line":18,"column":149},"end":{"line":18,"column":193}},"19":{"start":{"line":18,"column":194},"end":{"line":18,"column":213}},"20":{"start":{"line":22,"column":0},"end":{"line":51,"column":3}},"21":{"start":{"line":24,"column":4},"end":{"line":24,"column":35}},"22":{"start":{"line":27,"column":2},"end":{"line":48,"column":6}},"23":{"start":{"line":30,"column":17},"end":{"line":30,"column":67}},"24":{"start":{"line":31,"column":22},"end":{"line":31,"column":28}},"25":{"start":{"line":32,"column":25},"end":{"line":32,"column":30}},"26":{"start":{"line":34,"column":6},"end":{"line":44,"column":7}},"27":{"start":{"line":35,"column":29},"end":{"line":37,"column":10}},"28":{"start":{"line":36,"column":10},"end":{"line":36,"column":55}},"29":{"start":{"line":39,"column":8},"end":{"line":43,"column":9}},"30":{"start":{"line":40,"column":10},"end":{"line":40,"column":29}},"31":{"start":{"line":42,"column":10},"end":{"line":42,"column":30}},"32":{"start":{"line":46,"column":6},"end":{"line":46,"column":23}},"33":{"start":{"line":50,"column":2},"end":{"line":50,"column":17}},"34":{"start":{"line":53,"column":15},"end":{"line":53,"column":22}},"35":{"start":{"line":54,"column":0},"end":{"line":54,"column":27}}},"fnMap":{"0":{"name":"_interopRequireDefault","decl":{"start":{"line":12,"column":9},"end":{"line":12,"column":31}},"loc":{"start":{"line":12,"column":37},"end":{"line":12,"column":95}},"line":12},"1":{"name":"_classCallCheck","decl":{"start":{"line":14,"column":9},"end":{"line":14,"column":24}},"loc":{"start":{"line":14,"column":48},"end":{"line":14,"column":153}},"line":14},"2":{"name":"_defineProperties","decl":{"start":{"line":16,"column":9},"end":{"line":16,"column":26}},"loc":{"start":{"line":16,"column":42},"end":{"line":16,"column":317}},"line":16},"3":{"name":"_createClass","decl":{"start":{"line":18,"column":9},"end":{"line":18,"column":21}},"loc":{"start":{"line":18,"column":60},"end":{"line":18,"column":215}},"line":18},"4":{"name":"(anonymous_4)","decl":{"start":{"line":22,"column":0},"end":{"line":22,"column":1}},"loc":{"start":{"line":22,"column":12},"end":{"line":51,"column":1}},"line":22},"5":{"name":"Utility","decl":{"start":{"line":23,"column":11},"end":{"line":23,"column":18}},"loc":{"start":{"line":23,"column":21},"end":{"line":25,"column":3}},"line":23},"6":{"name":"acctNumberGen","decl":{"start":{"line":29,"column":20},"end":{"line":29,"column":33}},"loc":{"start":{"line":29,"column":36},"end":{"line":47,"column":5}},"line":29},"7":{"name":"(anonymous_7)","decl":{"start":{"line":35,"column":56},"end":{"line":35,"column":57}},"loc":{"start":{"line":35,"column":77},"end":{"line":37,"column":9}},"line":35}},"branchMap":{"0":{"loc":{"start":{"line":12,"column":46},"end":{"line":12,"column":92}},"type":"cond-expr","locations":[{"start":{"line":12,"column":70},"end":{"line":12,"column":73}},{"start":{"line":12,"column":76},"end":{"line":12,"column":92}}],"line":12},"1":{"loc":{"start":{"line":12,"column":46},"end":{"line":12,"column":67}},"type":"binary-expr","locations":[{"start":{"line":12,"column":46},"end":{"line":12,"column":49}},{"start":{"line":12,"column":53},"end":{"line":12,"column":67}}],"line":12},"2":{"loc":{"start":{"line":14,"column":50},"end":{"line":14,"column":151}},"type":"if","locations":[{"start":{"line":14,"column":50},"end":{"line":14,"column":151}},{"start":{"line":14,"column":50},"end":{"line":14,"column":151}}],"line":14},"3":{"loc":{"start":{"line":16,"column":136},"end":{"line":16,"column":166}},"type":"binary-expr","locations":[{"start":{"line":16,"column":136},"end":{"line":16,"column":157}},{"start":{"line":16,"column":161},"end":{"line":16,"column":166}}],"line":16},"4":{"loc":{"start":{"line":16,"column":200},"end":{"line":16,"column":254}},"type":"if","locations":[{"start":{"line":16,"column":200},"end":{"line":16,"column":254}},{"start":{"line":16,"column":200},"end":{"line":16,"column":254}}],"line":16},"5":{"loc":{"start":{"line":18,"column":62},"end":{"line":18,"column":131}},"type":"if","locations":[{"start":{"line":18,"column":62},"end":{"line":18,"column":131}},{"start":{"line":18,"column":62},"end":{"line":18,"column":131}}],"line":18},"6":{"loc":{"start":{"line":18,"column":132},"end":{"line":18,"column":193}},"type":"if","locations":[{"start":{"line":18,"column":132},"end":{"line":18,"column":193}},{"start":{"line":18,"column":132},"end":{"line":18,"column":193}}],"line":18},"7":{"loc":{"start":{"line":39,"column":8},"end":{"line":43,"column":9}},"type":"if","locations":[{"start":{"line":39,"column":8},"end":{"line":43,"column":9}},{"start":{"line":39,"column":8},"end":{"line":43,"column":9}}],"line":39}},"s":{"0":1,"1":1,"2":1,"3":1,"4":2,"5":0,"6":0,"7":1,"8":1,"9":1,"10":1,"11":1,"12":1,"13":1,"14":1,"15":1,"16":0,"17":1,"18":1,"19":1,"20":1,"21":0,"22":1,"23":1,"24":1,"25":1,"26":1,"27":1,"28":2,"29":1,"30":0,"31":1,"32":1,"33":1,"34":1,"35":1},"f":{"0":2,"1":0,"2":1,"3":1,"4":1,"5":0,"6":1,"7":2},"b":{"0":[1,1],"1":[2,2],"2":[0,0],"3":[1,1],"4":[1,0],"5":[0,1],"6":[1,0],"7":[0,1]},"_coverageSchema":"43e27e138ebf9cfc5966b082cf9a028302ed4184","hash":"4c7f697e666102b79e68ddfe935df522b09c686a","contentHash":"f8a28fe4b182c007c7b42d0940ca226e4d2ab29aada6e7464522f3f8d237177c"},"C:\\banka\\API\\lib\\utils\\accountsData.js":{"path":"C:\\banka\\API\\lib\\utils\\accountsData.js","statementMap":{"0":{"start":{"line":3,"column":0},"end":{"line":5,"column":3}},"1":{"start":{"line":6,"column":0},"end":{"line":6,"column":25}},"2":{"start":{"line":7,"column":15},"end":{"line":27,"column":2}},"3":{"start":{"line":28,"column":15},"end":{"line":28,"column":23}},"4":{"start":{"line":29,"column":0},"end":{"line":29,"column":27}}},"fnMap":{},"branchMap":{},"s":{"0":1,"1":1,"2":1,"3":1,"4":1},"f":{},"b":{},"_coverageSchema":"43e27e138ebf9cfc5966b082cf9a028302ed4184","hash":"f83b026687b0fc944d1e190c6535cf035c0c2964","contentHash":"784fe7f7f1c9c7b76215cc167f9c75732ec1fae73ddec04e9e87e20b7b5d3ac1"},"C:\\banka\\API\\lib\\middleware\\authorize.js":{"path":"C:\\banka\\API\\lib\\middleware\\authorize.js","statementMap":{"0":{"start":{"line":3,"column":0},"end":{"line":5,"column":3}},"1":{"start":{"line":6,"column":0},"end":{"line":6,"column":25}},"2":{"start":{"line":8,"column":50},"end":{"line":8,"column":151}},"3":{"start":{"line":8,"column":92},"end":{"line":8,"column":149}},"4":{"start":{"line":10,"column":44},"end":{"line":10,"column":315}},"5":{"start":{"line":10,"column":57},"end":{"line":10,"column":58}},"6":{"start":{"line":10,"column":102},"end":{"line":10,"column":110}},"7":{"start":{"line":10,"column":112},"end":{"line":10,"column":167}},"8":{"start":{"line":10,"column":168},"end":{"line":10,"column":199}},"9":{"start":{"line":10,"column":200},"end":{"line":10,"column":254}},"10":{"start":{"line":10,"column":227},"end":{"line":10,"column":254}},"11":{"start":{"line":10,"column":255},"end":{"line":10,"column":313}},"12":{"start":{"line":12,"column":62},"end":{"line":12,"column":131}},"13":{"start":{"line":12,"column":78},"end":{"line":12,"column":131}},"14":{"start":{"line":12,"column":132},"end":{"line":12,"column":193}},"15":{"start":{"line":12,"column":149},"end":{"line":12,"column":193}},"16":{"start":{"line":12,"column":194},"end":{"line":12,"column":213}},"17":{"start":{"line":16,"column":0},"end":{"line":61,"column":3}},"18":{"start":{"line":18,"column":4},"end":{"line":18,"column":37}},"19":{"start":{"line":21,"column":2},"end":{"line":58,"column":6}},"20":{"start":{"line":24,"column":6},"end":{"line":29,"column":7}},"21":{"start":{"line":25,"column":8},"end":{"line":28,"column":11}},"22":{"start":{"line":31,"column":6},"end":{"line":31,"column":13}},"23":{"start":{"line":36,"column":6},"end":{"line":41,"column":7}},"24":{"start":{"line":37,"column":8},"end":{"line":40,"column":11}},"25":{"start":{"line":43,"column":6},"end":{"line":43,"column":13}},"26":{"start":{"line":49,"column":6},"end":{"line":54,"column":7}},"27":{"start":{"line":50,"column":8},"end":{"line":53,"column":11}},"28":{"start":{"line":56,"column":6},"end":{"line":56,"column":13}},"29":{"start":{"line":60,"column":2},"end":{"line":60,"column":19}},"30":{"start":{"line":63,"column":15},"end":{"line":63,"column":24}},"31":{"start":{"line":64,"column":0},"end":{"line":64,"column":27}}},"fnMap":{"0":{"name":"_classCallCheck","decl":{"start":{"line":8,"column":9},"end":{"line":8,"column":24}},"loc":{"start":{"line":8,"column":48},"end":{"line":8,"column":153}},"line":8},"1":{"name":"_defineProperties","decl":{"start":{"line":10,"column":9},"end":{"line":10,"column":26}},"loc":{"start":{"line":10,"column":42},"end":{"line":10,"column":317}},"line":10},"2":{"name":"_createClass","decl":{"start":{"line":12,"column":9},"end":{"line":12,"column":21}},"loc":{"start":{"line":12,"column":60},"end":{"line":12,"column":215}},"line":12},"3":{"name":"(anonymous_3)","decl":{"start":{"line":16,"column":0},"end":{"line":16,"column":1}},"loc":{"start":{"line":16,"column":12},"end":{"line":61,"column":1}},"line":16},"4":{"name":"authorize","decl":{"start":{"line":17,"column":11},"end":{"line":17,"column":20}},"loc":{"start":{"line":17,"column":23},"end":{"line":19,"column":3}},"line":17},"5":{"name":"authTransaction","decl":{"start":{"line":23,"column":20},"end":{"line":23,"column":35}},"loc":{"start":{"line":23,"column":52},"end":{"line":32,"column":5}},"line":23},"6":{"name":"createAccountAuth","decl":{"start":{"line":35,"column":20},"end":{"line":35,"column":37}},"loc":{"start":{"line":35,"column":54},"end":{"line":44,"column":5}},"line":35},"7":{"name":"viewAccountAuth","decl":{"start":{"line":47,"column":20},"end":{"line":47,"column":35}},"loc":{"start":{"line":47,"column":52},"end":{"line":57,"column":5}},"line":47}},"branchMap":{"0":{"loc":{"start":{"line":8,"column":50},"end":{"line":8,"column":151}},"type":"if","locations":[{"start":{"line":8,"column":50},"end":{"line":8,"column":151}},{"start":{"line":8,"column":50},"end":{"line":8,"column":151}}],"line":8},"1":{"loc":{"start":{"line":10,"column":136},"end":{"line":10,"column":166}},"type":"binary-expr","locations":[{"start":{"line":10,"column":136},"end":{"line":10,"column":157}},{"start":{"line":10,"column":161},"end":{"line":10,"column":166}}],"line":10},"2":{"loc":{"start":{"line":10,"column":200},"end":{"line":10,"column":254}},"type":"if","locations":[{"start":{"line":10,"column":200},"end":{"line":10,"column":254}},{"start":{"line":10,"column":200},"end":{"line":10,"column":254}}],"line":10},"3":{"loc":{"start":{"line":12,"column"
[...]
8,"column":33}},"3":{"start":{"line":10,"column":19},"end":{"line":10,"column":79}},"4":{"start":{"line":12,"column":17},"end":{"line":12,"column":70}},"5":{"start":{"line":14,"column":22},"end":{"line":14,"column":85}},"6":{"start":{"line":16,"column":17},"end":{"line":16,"column":75}},"7":{"start":{"line":18,"column":39},"end":{"line":18,"column":93}},"8":{"start":{"line":20,"column":13},"end":{"line":20,"column":35}},"9":{"start":{"line":21,"column":0},"end":{"line":21,"column":84}},"10":{"start":{"line":22,"column":0},"end":{"line":22,"column":101}},"11":{"start":{"line":23,"column":0},"end":{"line":23,"column":99}},"12":{"start":{"line":24,"column":15},"end":{"line":24,"column":21}},"13":{"start":{"line":25,"column":0},"end":{"line":25,"column":27}}},"fnMap":{"0":{"name":"_interopRequireDefault","decl":{"start":{"line":18,"column":9},"end":{"line":18,"column":31}},"loc":{"start":{"line":18,"column":37},"end":{"line":18,"column":95}},"line":18}},"branchMap":{"0":{"loc":{"start":{"line":18,"column":46},"end":{"line":18,"column":92}},"type":"cond-expr","locations":[{"start":{"line":18,"column":70},"end":{"line":18,"column":73}},{"start":{"line":18,"column":76},"end":{"line":18,"column":92}}],"line":18},"1":{"loc":{"start":{"line":18,"column":46},"end":{"line":18,"column":67}},"type":"binary-expr","locations":[{"start":{"line":18,"column":46},"end":{"line":18,"column":49}},{"start":{"line":18,"column":53},"end":{"line":18,"column":67}}],"line":18}},"s":{"0":1,"1":1,"2":1,"3":1,"4":1,"5":1,"6":1,"7":4,"8":1,"9":1,"10":1,"11":1,"12":1,"13":1},"f":{"0":4},"b":{"0":[4,0],"1":[4,4]},"_coverageSchema":"43e27e138ebf9cfc5966b082cf9a028302ed4184","hash":"cf4898ec0b88b172ccd02ab24980af0078eb9cd8","contentHash":"0524f62d49d2a77f8ff4c6dd457c8aaf43155e16e9b1451d0d55d1cae48256b1"},"C:\\banka\\API\\lib\\controller\\transaction.js":{"path":"C:\\banka\\API\\lib\\controller\\transaction.js","statementMap":{"0":{"start":{"line":3,"column":0},"end":{"line":5,"column":3}},"1":{"start":{"line":6,"column":0},"end":{"line":6,"column":25}},"2":{"start":{"line":8,"column":13},"end":{"line":8,"column":47}},"3":{"start":{"line":10,"column":24},"end":{"line":10,"column":84}},"4":{"start":{"line":12,"column":20},"end":{"line":12,"column":76}},"5":{"start":{"line":14,"column":16},"end":{"line":14,"column":68}},"6":{"start":{"line":16,"column":39},"end":{"line":16,"column":93}},"7":{"start":{"line":18,"column":77},"end":{"line":18,"column":175}},"8":{"start":{"line":18,"column":94},"end":{"line":18,"column":107}},"9":{"start":{"line":18,"column":121},"end":{"line":18,"column":131}},"10":{"start":{"line":18,"column":151},"end":{"line":18,"column":165}},"11":{"start":{"line":18,"column":166},"end":{"line":18,"column":173}},"12":{"start":{"line":18,"column":176},"end":{"line":18,"column":263}},"13":{"start":{"line":18,"column":193},"end":{"line":18,"column":208}},"14":{"start":{"line":18,"column":218},"end":{"line":18,"column":261}},"15":{"start":{"line":20,"column":33},"end":{"line":20,"column":387}},"16":{"start":{"line":20,"column":65},"end":{"line":20,"column":69}},"17":{"start":{"line":20,"column":78},"end":{"line":20,"column":87}},"18":{"start":{"line":20,"column":89},"end":{"line":20,"column":384}},"19":{"start":{"line":20,"column":147},"end":{"line":20,"column":167}},"20":{"start":{"line":20,"column":193},"end":{"line":20,"column":264}},"21":{"start":{"line":20,"column":290},"end":{"line":20,"column":360}},"22":{"start":{"line":20,"column":363},"end":{"line":20,"column":380}},"23":{"start":{"line":22,"column":50},"end":{"line":22,"column":151}},"24":{"start":{"line":22,"column":92},"end":{"line":22,"column":149}},"25":{"start":{"line":24,"column":44},"end":{"line":24,"column":315}},"26":{"start":{"line":24,"column":57},"end":{"line":24,"column":58}},"27":{"start":{"line":24,"column":102},"end":{"line":24,"column":110}},"28":{"start":{"line":24,"column":112},"end":{"line":24,"column":167}},"29":{"start":{"line":24,"column":168},"end":{"line":24,"column":199}},"30":{"start":{"line":24,"column":200},"end":{"line":24,"column":254}},"31":{"start":{"line":24,"column":227},"end":{"line":24,"column":254}},"32":{"start":{"line":24,"column":255},"end":{"line":24,"column":313}},"33":{"start":{"line":26,"column":62},"end":{"line":26,"column":131}},"34":{"start":{"line":26,"column":78},"end":{"line":26,"column":131}},"35":{"start":{"line":26,"column":132},"end":{"line":26,"column":193}},"36":{"start":{"line":26,"column":149},"end":{"line":26,"column":193}},"37":{"start":{"line":26,"column":194},"end":{"line":26,"column":213}},"38":{"start":{"line":30,"column":0},"end":{"line":223,"column":3}},"39":{"start":{"line":32,"column":4},"end":{"line":32,"column":39}},"40":{"start":{"line":35,"column":2},"end":{"line":220,"column":6}},"41":{"start":{"line":38,"column":27},"end":{"line":125,"column":9}},"42":{"start":{"line":43,"column":8},"end":{"line":124,"column":37}},"43":{"start":{"line":44,"column":10},"end":{"line":123,"column":11}},"44":{"start":{"line":45,"column":12},"end":{"line":122,"column":13}},"45":{"start":{"line":47,"column":16},"end":{"line":47,"column":34}},"46":{"start":{"line":48,"column":16},"end":{"line":48,"column":59}},"47":{"start":{"line":50,"column":16},"end":{"line":53,"column":17}},"48":{"start":{"line":51,"column":18},"end":{"line":51,"column":36}},"49":{"start":{"line":52,"column":18},"end":{"line":52,"column":24}},"50":{"start":{"line":55,"column":16},"end":{"line":55,"column":48}},"51":{"start":{"line":56,"column":16},"end":{"line":61,"column":19}},"52":{"start":{"line":57,"column":29},"end":{"line":57,"column":31}},"53":{"start":{"line":58,"column":18},"end":{"line":58,"column":44}},"54":{"start":{"line":59,"column":18},"end":{"line":59,"column":41}},"55":{"start":{"line":60,"column":18},"end":{"line":60,"column":30}},"56":{"start":{"line":62,"column":16},"end":{"line":66,"column":20}},"57":{"start":{"line":69,"column":16},"end":{"line":69,"column":105}},"58":{"start":{"line":70,"column":16},"end":{"line":72,"column":19}},"59":{"start":{"line":71,"column":18},"end":{"line":71,"column":71}},"60":{"start":{"line":74,"column":16},"end":{"line":77,"column":17}},"61":{"start":{"line":75,"column":18},"end":{"line":75,"column":37}},"62":{"start":{"line":76,"column":18},"end":{"line":76,"column":24}},"63":{"start":{"line":79,"column":16},"end":{"line":82,"column":20}},"64":{"start":{"line":85,"column":16},"end":{"line":85,"column":56}},"65":{"start":{"line":86,"column":16},"end":{"line":86,"column":73}},"66":{"start":{"line":87,"column":16},"end":{"line":87,"column":58}},"67":{"start":{"line":88,"column":16},"end":{"line":90,"column":19}},"68":{"start":{"line":89,"column":18},"end":{"line":89,"column":52}},"69":{"start":{"line":91,"column":16},"end":{"line":91,"column":83}},"70":{"start":{"line":92,"column":16},"end":{"line":100,"column":18}},"71":{"start":{"line":102,"column":16},"end":{"line":102,"column":69}},"72":{"start":{"line":104,"column":16},"end":{"line":108,"column":20}},"73":{"start":{"line":111,"column":16},"end":{"line":111,"column":35}},"74":{"start":{"line":112,"column":16},"end":{"line":112,"column":51}},"75":{"start":{"line":113,"column":16},"end":{"line":117,"column":20}},"76":{"start":{"line":121,"column":16},"end":{"line":121,"column":39}},"77":{"start":{"line":128,"column":8},"end":{"line":128,"column":53}},"78":{"start":{"line":131,"column":6},"end":{"line":131,"column":27}},"79":{"start":{"line":136,"column":6},"end":{"line":218,"column":7}},"80":{"start":{"line":137,"column":21},"end":{"line":137,"column":54}},"81":{"start":{"line":139,"column":8},"end":{"line":152,"column":9}},"82":{"start":{"line":140,"column":31},"end":{"line":140,"column":45}},"83":{"start":{"line":141,"column":25},"end":{"line":146,"column":12}},"84":{"start":{"line":142,"column":23},"end":{"line":142,"column":25}},"85":{"start":{"line":143,"column":12},"end":{"line":143,"column":38}},"86":{"start":{"line":144,"column":12},"end":{"line":144,"column":35}},"87":{"start":{"line":145,"column":12},"end":{"line":145,"column":24}},"88":{"start":{"line":147,"column":10},"end":{"line":151,"column":13}},"89":{"start":{"line":154,"column":25},"end":{"line":154,"column":33}},"90":{"start":{"line":155,"column":21},"end":{"line":155,"column":38}},"91":{"start":{"line":156,"column":28},"end":{"line":156,"column":52}},"92":{"start":{"line":158,"column":22},"end":{"line":160,"column":10}},"93":{"start":{"line":159,"column":10},"end":{"line":159,"column":57}},"94":{"start":{"line":163,"column":27},"end":{"line":163,"column":65}},"95":{"start":{"line":165,"column":8},"end":{"line":171,"column":9}},"96":{"start":{"line":167,"column":10},"end":{"line":170,"column":13}},"97":{"start":{"line":173,"column":29},"end":{"line":173,"column":51}},"98":{"start":{"line":174,"column":21},"end":{"line":174,"column":49}},"99":{"start":{"line":175,"column":24},"end":{"line":175,"column":44}},"100":{"start":{"line":177,"column":8},"end":{"line":182,"column":9}},"101":{"start":{"line":178,"column":10},"end":{"line":181,"column":13}},"102":{"start":{"line":184,"column":28},"end":{"line":184,"column":63}},"103":{"start":{"line":185,"column":8},"end":{"line":185,"column":47}},"104":{"start":{"line":187,"column":8},"end":{"line":187,"column":63}},"105":{"start":{"line":190,"column":26},"end":{"line":192,"column":10}},"106":{"start":{"line":191,"column":10},"end":{"line":191,"column":44}},"107":{"start":{"line":194,"column":24},"end":{"line":194,"column":45}},"108":{"start":{"line":195,"column":23},"end":{"line":195,"column":43}},"109":{"start":{"line":196,"column":29},"end":{"line":204,"column":9}},"110":{"start":{"line":206,"column":8},"end":{"line":206,"column":55}},"111":{"start":{"line":208,"column":8},"end":{"line":212,"column":11}},"112":{"start":{"line":214,"column":8},"end":{"line":217,"column":11}},"113":{"start":{"line":222,"column":2},"end":{"line":222,"column":21}},"114":{"start":{"line":225,"column":15},"end":{"line":225,"column":26}},"115":{"start":{"line":226,"column":0},"end":{"line":226,"column":27}}},"fnMap":{"0":{"name":"_interopRequireDefault","decl":{"start":{"line":16,"column":9},"end":{"line":16,"column":31}},"loc":{"start":{"line":16,"column":37},"end":{"line":16,"column":95}},"line":16},"1":{"name":"asyncGeneratorStep","decl":{"start":{"line":18,"column":9},"end":{"line":18,"column":27}},"loc":{"start":{"line":18,"column":75},"end":{"line":18,"column":265}},"line":18},"2":{"name":"_asyncToGenerator","decl":{"start":{"line":20,"column":9},"end":{"line":20,"column":26}},"loc":{"start":{"line":20,"column":31},"end":{"line":20,"column":389}},"line":20},"3":{"name":"(anonymous_3)","decl":{"start":{"line":20,"column":40},"end":{"line":20,"column":41}},"loc":{"start":{"line":20,"column":52},"end":{"line":20,"column":386}},"line":20},"4":{"name":"(anonymous_4)","decl":{"start":{"line":20,"column":108},"end":{"line":20,"column":109}},"loc":{"start":{"line":20,"column":135},"end":{"line":20,"column":382}},"line":20},"5":{"name":"_next","decl":{"start":{"line":20,"column":178},"end":{"line":20,"column":183}},"loc":{"start":{"line":20,"column":191},"end":{"line":20,"column":266}},"line":20},"6":{"name":"_throw","decl":{"start":{"line":20,"column":276},"end":{"line":20,"column":282}},"loc":{"start":{"line":20,"column":288},"end":{"line":20,"column":362}},"line":20},"7":{"name":"_classCallCheck","decl":{"start":{"line":22,"column":9},"end":{"line":22,"column":24}},"loc":{"start":{"line":22,"column":48},"end":{"line":22,"column":153}},"line":22},"8":{"name":"_defineProperties","decl":{"start":{"line":24,"column":9},"end":{"line":24,"column":26}},"loc":{"start":{"line":24,"column":42},"end":{"line":24,"column":317}},"line":24},"9":{"name":"_createClass","decl":{"start":{"line":26,"column":9},"end":{"line":26,"column":21}},"loc":{"start":{"line":26,"column":60},"end":{"line":26,"column":215}},"line":26},"10":{"name":"(anonymous_10)","decl":{"start":{"line":30,"column":0},"end":{"line":30,"column":1}},"loc":{"start":{"line":30,"column":12},"end":{"line":223,"column":1}},"line":30},"11":{"name":"transaction","decl":{"start":{"line":31,"column":11},"end":{"line":31,"column":22}},"loc":{"start":{"line":31,"column":25},"end":{"line":33,"column":3}},"line":31},"12":{"name":"(anonymous_12)","decl":{"start":{"line":37,"column":11},"end":{"line":37,"column":12}},"loc":{"start":{"line":37,"column":23},"end":{"line":132,"column":5}},"line":37},"13":{"name":"_callee","decl":{"start":{"line":40,"column":39},"end":{"line":40,"column":46}},"loc":{"start":{"line":40,"column":57},"end":{"line":125,"column":7}},"line":40},"14":{"name":"_callee$","decl":{"start":{"line":43,"column":48},"end":{"line":43,"column":56}},"loc":{"start":{"line":43,"column":67},"end":{"line":124,"column":9}},"line":43},"15":{"name":"(anonymous_15)","decl":{"start":{"line":56,"column":46},"end":{"line":56,"column":47}},"loc":{"start":{"line":56,"column":61},"end":{"line":61,"column":17}},"line":56},"16":{"name":"(anonymous_16)","decl":{"start":{"line":70,"column":53},"end":{"line":70,"column":54}},"loc":{"start":{"line":70,"column":78},"end":{"line":72,"column":17}},"line":70},"17":{"name":"(anonymous_17)","decl":{"start":{"line":88,"column":53},"end":{"line":88,"column":54}},"loc":{"start":{"line":88,"column":72},"end":{"line":90,"column":17}},"line":88},"18":{"name":"creditAccount","decl":{"start":{"line":127,"column":15},"end":{"line":127,"column":28}},"loc":{"start":{"line":127,"column":38},"end":{"line":129,"column":7}},"line":127},"19":{"name":"debitAccount","decl":{"start":{"line":135,"column":20},"end":{"line":135,"column":32}},"loc":{"start":{"line":135,"column":43},"end":{"line":219,"column":5}},"line":135},"20":{"name":"(anonymous_20)","decl":{"start":{"line":141,"column":44},"end":{"line":141,"column":45}},"loc":{"start":{"line":141,"column":59},"end":{"line":146,"column":11}},"line":141},"21":{"name":"(anonymous_21)","decl":{"start":{"line":158,"column":49},"end":{"line":158,"column":50}},"loc":{"start":{"line":158,"column":68},"end":{"line":160,"column":9}},"line":158},"22":{"name":"(anonymous_22)","decl":{"start":{"line":190,"column":49},"end":{"line":190,"column":50}},"loc":{"start":{"line":190,"column":68},"end":{"line":192,"column":9}},"line":190}},"branchMap":{"0":{"loc":{"start":{"line":16,"column":46},"end":{"line":16,"column":92}},"type":"cond-expr","locations":[{"start":{"line":16,"column":70},"end":{"line":16,"column":73}},{"start":{"line":16,"column":76},"end":{"line":16,"column":92}}],"line":16},"1":{"loc":{"start":{"line":16,"column":46},"end":{"line":16,"column":67}},"type":"binary-expr","locations":[{"start":{"line":16,"column":46},"end":{"line":16,"column":49}},{"start":{"line":16,"column":53},"end":{"line":16,"column":67}}],"line":16},"2":{"loc":{"start":{"line":18,"column":176},"end":{"line":18,"column":263}},"type":"if","locations":[{"start":{"line":18,"column":176},"end":{"line":18,"column":263}},{"start":{"line":18,"column":176},"end":{"line":18,"column":263}}],"line":18},"3":{"loc":{"start":{"line":22,"column":50},"end":{"line":22,"column":151}},"type":"if","locations":[{"start":{"line":22,"column":50},"end":{"line":22,"column":151}},{"start":{"line":22,"column":50},"end":{"line":22,"column":151}}],"line":22},"4":{"loc":{"start":{"line":24,"column":136},"end":{"line":24,"column":166}},"type":"binary-expr","locations":[{"start":{"line":24,"column":136},"end":{"line":24,"column":157}},{"start":{"line":24,"column":161},"end":{"line":24,"column":166}}],"line":24},"5":{"loc":{"start":{"line":24,"column":200},"end":{"line":24,"column":254}},"type":"if","locations":[{"start":{"line":24,"column":200},"end":{"line":24,"column":254}},{"start":{"line":24,"column":200},"end":{"line":24,"column":254}}],"line":24},"6":{"loc":{"start":{"line":26,"column":62},"end":{"line":26,"column":131}},"type":"if","locations":[{"start":{"line":26,"column":62},"end":{"line":26,"column":131}},{"start":{"line":26,"column":62},"end":{"line":26,"column":131}}],"line":26},"7":{"loc":{"start":{"line":26,"column":132},"end":{"line":26,"column":193}},"type":"if","locations":[{"start":{"line":26,"column":132},"end":{"line":26,"column":193}},{"start":{"line":26,"column":132},"end":{"line":26,"column":193}}],"line":26},"8":{"loc":{"start":{"line":45,"column":12},"end":{"line":122,"column":13}},"type":"switch","locations":[{"start":{"line":46,"column":14},"end":{"line":66,"column":20}},{"start":{"line":68,"column":14},"end":{"line":82,"column":20}},{"start":{"line":84,"column":14},"end":{"line":108,"column":20}},{"start":{"line":110,"column":14},"end":{"line":117,"column":20}},{"start":{"line":119,"column":14},"end":{"line":119,"column":22}},{"start":{"line":120,"column":14},"end":{"line":121,"column":39}}],"line":45},"9":{"loc":{"start":{"line":50,"column":16},"end":{"line":53,"column":17}},"type":"if","locations":[{"start":{"line":50,"column":16},"end":{"line":53,"column":17}},{"start":{"line":50,"column":16},"end":{"line":53,"column":17}}],"line":50},"10":{"loc":{"start":{"line":74,"column":16},"end":{"line":77,"column":17}},"type":"if","locations":[{"start":{"line":74,"column":16},"end":{"line":77,"column":17}},{"start":{"line":74,"column":16},"end":{"line":77,"column":17}}],"line":74},"11":{"loc":{"start":{"line":139,"column":8},"end":{"line":152,"column":9}},"type":"if","locations":[{"start":{"line":139,"column":8},"end":{"line":152,"column":9}},{"start":{"line":139,"column":8},"end":{"line":152,"column":9}}],"line":139},"12":{"loc":{"start":{"line":165,"column":8},"end":{"line":171,"column":9}},"type":"if","locations":[{"start":{"line":165,"column":8},"end":{"line":171,"column":9}},{"start":{"line":165,"column":8},"end":{"line":171,"column":9}}],"line":165},"13":{"loc":{"start":{"line":177,"column":8},"end":{"line":182,"column":9}},"type":"if","locations":[{"start":{"line":177,"column":8},"end":{"line":182,"column":9}},{"start":{"line":177,"column":8},"end":{"line":182,"column":9}}],"line":177}},"s":{"0":1,"1":1,"2":1,"3":1,"4":1,"5":1,"6":3,"7":0,"8":0,"9":0,"10":0,"11":0,"12":0,"13":0,"14":0,"15":1,"16":0,"17":0,"18":0,"19":0,"20":0,"21":0,"22":0,"23":0,"24":0,"25":1,"26":1,"27":2,"28":2,"29":2,"30":2,"31":2,"32":2,"33":1,"34":0,"35":1,"36":1,"37":1,"38":1,"39":0,"40":1,"41":1,"42":0,"43":0,"44":0,"45":0,"46":0,"47":0,"48":0,"49":0,"50":0,"51":0,"52":0,"53":0,"54":0,"55":0,"56":0,"57":0,"58":0,"59":0,"60":0,"61":0,"62":0,"63":0,"64":0,"65":0,"66":0,"67":0,"68":0,"69":0,"70":0,"71":0,"72":0,"73":0,"74":0,"75":0,"76":0,"77":0,"78":1,"79":0,"80":0,"81":0,"82":0,"83":0,"84":0,"85":0,"86":0,"87":0,"88":0,"89":0,"90":0,"91":0,"92":0,"93":0,"94":0,"95":0,"96":0,"97":0,"98":0,"99":0,"100":0,"101":0,"102":0,"103":0,"104":0,"105":0,"106":0,"107":0,"108":0,"109":0,"110":0,"111":0,"112":0,"113":1,"114":1,"115":1},"f":{"0":3,"1":0,"2":1,"3":0,"4":0,"5":0,"6":0,"7":0,"8":1,"9":1,"10":1,"11":0,"12":1,"13":0,"14":0,"15":0,"16":0,"17":0,"18":0,"19":0,"20":0,"21":0,"22":0},"b":{"0":[3,0],"1":[3,3],"2":[0,0],"3":[0,0],"4":[2,2],"5":[2,0],"6":[0,1],"7":[1,0],"8":[0,0,0,0,0,0],"9":[0,0],"10":[0,0],"11":[0,0],"12":[0,0],"13":[0,0]},"_coverageSchema":"43e27e138ebf9cfc5966b082cf9a028302ed4184","hash":"aff97eda01d1f0147381ba5dd32476a26d8c0a55","contentHash":"1df29828e6c26725baab94e5b77ecb4ba82cbc3932d192d9eaa81ca8149cf12d"},"C:\\banka\\API\\lib\\utils\\transactionsData.js":{"path":"C:\\banka\\API\\lib\\utils\\transactionsData.js","statementMap":{"0":{"start":{"line":3,"column":0},"end":{"line":5,"column":3}},"1":{"start":{"line":6,"column":0},"end":{"line":6,"column":25}},"2":{"start":{"line":7,"column":19},"end":{"line":23,"column":2}},"3":{"start":{"line":24,"column":15},"end":{"line":24,"column":27}},"4":{"start":{"line":25,"column":0},"end":{"line":25,"column":27}}},"fnMap":{},"branchMap":{},"s":{"0":1,"1":1,"2":1,"3":1,"4":1},"f":{},"b":{},"_coverageSchema":"43e27e138ebf9cfc5966b082cf9a028302ed4184","hash":"c6074293d5b9cddc758ab39d5fa27738a227ed38","contentHash":"0507c174c11199f7d7365785fc612db3dd8b52d3d01682f71b6ec2b497754790"}}